[2026-07-14T09:35:43.739Z] OPTIONS /auth/me - 204 (5ms)
[2026-07-14T09:35:43.751Z] OPTIONS /auth/me - 204 (1ms)
[2026-07-14T09:35:43.764Z] GET /auth/me - 304 (24ms)
[2026-07-14T09:35:43.771Z] GET /auth/me - 304 (6ms)
[2026-07-14T09:35:44.676Z] OPTIONS /users/103/booking - 204 (1ms)
[2026-07-14T09:35:44.677Z] OPTIONS /users/103/booking - 204 (0ms)
[2026-07-14T09:35:44.693Z] GET /users/103/booking - 200 (15ms)
[2026-07-14T09:35:44.702Z] GET /users/103/booking - 304 (7ms)
[2026-07-14T09:36:44.825Z] [IP: ::1] OPTIONS /auth/me - 204 (5ms)
[2026-07-14T09:36:44.848Z] [IP: ::1] OPTIONS /users/103/booking - 204 (0ms)
[2026-07-14T09:36:44.854Z] [IP: ::1] GET /auth/me - 304 (24ms)
[2026-07-14T09:36:44.856Z] [IP: ::1] OPTIONS /auth/me - 204 (1ms)
[2026-07-14T09:36:44.875Z] [IP: ::1] OPTIONS /users/103/booking - 204 (1ms)
[2026-07-14T09:36:44.878Z] [IP: ::1] GET /auth/me - 304 (20ms)
[2026-07-14T09:36:44.892Z] [IP: ::1] GET /users/103/booking - 304 (29ms)
[2026-07-14T09:36:44.904Z] [IP: ::1] GET /users/103/booking - 304 (10ms)
[2026-07-14T09:36:45.157Z] [IP: ::1] GET /auth/me - 304 (5ms)
[2026-07-14T09:36:45.345Z] [IP: ::1] GET /auth/me - 200 (9ms)
[2026-07-14T09:36:45.349Z] [IP: ::1] GET /users/103/booking - 200 (10ms)
[2026-07-14T09:36:45.361Z] [IP: ::1] GET /auth/me - 304 (9ms)
[2026-07-14T09:36:45.363Z] [IP: ::1] GET /users/103/booking - 304 (7ms)
[2026-07-14T09:36:45.586Z] [IP: ::1] GET /auth/me - 304 (7ms)
[2026-07-14T09:36:45.589Z] [IP: ::1] GET /users/103/booking - 304 (7ms)
[2026-07-14T09:36:45.604Z] [IP: ::1] GET /auth/me - 304 (14ms)
[2026-07-14T09:36:45.609Z] [IP: ::1] GET /users/103/booking - 304 (11ms)
[2026-07-14T09:36:45.785Z] [IP: ::1] GET /auth/me - 304 (8ms)
[2026-07-14T09:36:45.789Z] [IP: ::1] GET /users/103/booking - 304 (8ms)
[2026-07-14T09:36:45.802Z] [IP: ::1] GET /auth/me - 304 (11ms)
[2026-07-14T09:36:45.809Z] [IP: ::1] GET /users/103/booking - 304 (13ms)
[2026-07-14T09:40:57.938Z] [IP: ::1] OPTIONS /auth/me - 204 (1ms)
[2026-07-14T09:40:57.940Z] [IP: ::1] OPTIONS /users/103/booking - 204 (1ms)
[2026-07-14T09:40:57.943Z] [IP: ::1] OPTIONS /auth/me - 204 (2ms)
[2026-07-14T09:40:57.944Z] [IP: ::1] OPTIONS /users/103/booking - 204 (1ms)
[2026-07-14T09:40:57.976Z] [IP: ::1] GET /auth/me - 304 (20ms)
[2026-07-14T09:40:57.980Z] [IP: ::1] GET /users/103/booking - 304 (29ms)
[2026-07-14T09:40:57.987Z] [IP: ::1] GET /auth/me - 304 (6ms)
[2026-07-14T09:40:57.990Z] [IP: ::1] GET /users/103/booking - 304 (7ms)
[2026-07-14T10:12:10.547Z] [IP: ::1] OPTIONS /auth/me - 204 (3ms)
[2026-07-14T10:12:10.553Z] [IP: ::1] OPTIONS /users/103/booking - 204 (2ms)
[2026-07-14T10:12:10.558Z] [IP: ::1] GET /users/103/booking - 403 (3ms)
[2026-07-14T10:12:10.561Z] [IP: ::1] GET /auth/me - 403 (3ms)
[2026-07-14T10:12:10.563Z] [IP: ::1] OPTIONS /auth/me - 204 (0ms)
[2026-07-14T10:12:10.564Z] [IP: ::1] OPTIONS /users/103/booking - 204 (0ms)
[2026-07-14T10:12:10.567Z] [IP: ::1] GET /auth/me - 403 (2ms)
[2026-07-14T10:12:10.568Z] [IP: ::1] OPTIONS /user/103/booking - 204 (1ms)
[2026-07-14T10:12:10.572Z] [IP: ::1] GET /users/103/booking - 403 (3ms)
[2026-07-14T10:12:10.576Z] [IP: ::1] GET /user/103/booking - 404 (4ms)
[2026-07-14T10:12:10.583Z] [IP: ::1] GET /user/103/booking - 404 (4ms)
[2026-07-14T10:12:10.585Z] [IP: ::1] OPTIONS /bookings - 204 (1ms)
[2026-07-14T10:12:10.589Z] [IP: ::1] GET /bookings - 404 (2ms)
[2026-07-14T10:12:10.592Z] [IP: ::1] GET /bookings - 404 (1ms)
[2026-07-14T10:12:10.596Z] [IP: ::1] OPTIONS /booking - 204 (1ms)
[2026-07-14T10:12:10.600Z] [IP: ::1] GET /booking - 403 (3ms)
[2026-07-14T10:12:10.604Z] [IP: ::1] GET /booking - 403 (3ms)
[2026-07-14T12:13:21.431Z] [IP: ::1] OPTIONS /auth/me - 204 (1ms)
[2026-07-14T12:13:21.436Z] [IP: ::1] OPTIONS /users/103/booking - 204 (2ms)
[2026-07-14T12:13:21.445Z] [IP: ::1] GET /auth/me - 403 (5ms)
[2026-07-14T12:13:21.448Z] [IP: ::1] OPTIONS /auth/me - 204 (1ms)
[2026-07-14T12:13:21.452Z] [IP: ::1] GET /users/103/booking - 403 (3ms)
[2026-07-14T12:13:21.457Z] [IP: ::1] OPTIONS /users/103/booking - 204 (1ms)
[2026-07-14T12:13:21.464Z] [IP: ::1] OPTIONS /user/103/booking - 204 (3ms)
[2026-07-14T12:13:21.468Z] [IP: ::1] GET /users/103/booking - 403 (3ms)
[2026-07-14T12:13:21.475Z] [IP: ::1] GET /auth/me - 403 (6ms)
[2026-07-14T12:13:21.483Z] [IP: ::1] GET /user/103/booking - 404 (7ms)
[2026-07-14T12:13:21.486Z] [IP: ::1] GET /user/103/booking - 404 (2ms)
[2026-07-14T12:13:21.488Z] [IP: ::1] OPTIONS /bookings - 204 (1ms)
[2026-07-14T12:13:21.490Z] [IP: ::1] GET /bookings - 404 (0ms)
[2026-07-14T12:13:21.494Z] [IP: ::1] GET /bookings - 404 (1ms)
[2026-07-14T12:13:21.499Z] [IP: ::1] OPTIONS /booking - 204 (0ms)
[2026-07-14T12:13:21.503Z] [IP: ::1] OPTIONS /booking - 204 (0ms)
[2026-07-14T12:13:21.508Z] [IP: ::1] GET /booking - 403 (4ms)
[2026-07-14T12:13:21.514Z] [IP: ::1] GET /booking - 403 (5ms)
[2026-07-14T14:04:30.510Z] [IP: ::1] OPTIONS /auth/me - 204 (1ms)
[2026-07-14T14:04:30.527Z] [IP: ::1] GET /auth/me - 403 (13ms)
[2026-07-14T14:04:30.529Z] [IP: ::1] OPTIONS /auth/me - 204 (1ms)
[2026-07-14T14:04:30.532Z] [IP: ::1] GET /auth/me - 403 (2ms)
[2026-07-14T14:05:11.558Z] [IP: ::1] OPTIONS /users/103/booking - 204 (1ms)
[2026-07-14T14:05:11.561Z] [IP: ::1] OPTIONS /users/103/booking - 204 (3ms)
[2026-07-14T14:05:11.568Z] [IP: ::1] GET /users/103/booking - 403 (6ms)
[2026-07-14T14:05:11.575Z] [IP: ::1] GET /users/103/booking - 403 (5ms)
[2026-07-14T14:05:11.578Z] [IP: ::1] OPTIONS /user/103/booking - 204 (2ms)
[2026-07-14T14:05:11.590Z] [IP: ::1] GET /user/103/booking - 404 (8ms)
[2026-07-14T14:05:11.593Z] [IP: ::1] GET /user/103/booking - 404 (2ms)
[2026-07-14T14:05:11.596Z] [IP: ::1] OPTIONS /bookings - 204 (1ms)
[2026-07-14T14:05:11.598Z] [IP: ::1] GET /bookings - 404 (1ms)
[2026-07-14T14:05:11.600Z] [IP: ::1] GET /bookings - 404 (1ms)
[2026-07-14T14:05:11.605Z] [IP: ::1] OPTIONS /booking - 204 (1ms)
[2026-07-14T14:05:11.606Z] [IP: ::1] OPTIONS /booking - 204 (0ms)
[2026-07-14T14:05:11.609Z] [IP: ::1] GET /booking - 403 (2ms)
[2026-07-14T14:05:11.612Z] [IP: ::1] GET /booking - 403 (2ms)
[2026-07-14T14:05:15.858Z] [IP: ::1] OPTIONS /auth/me - 204 (0ms)
[2026-07-14T14:05:15.860Z] [IP: ::1] OPTIONS /auth/me - 204 (0ms)
[2026-07-14T14:05:15.862Z] [IP: ::1] GET /auth/me - 403 (2ms)
[2026-07-14T14:05:15.866Z] [IP: ::1] GET /auth/me - 403 (3ms)
[2026-07-14T14:05:20.503Z] [IP: ::1] OPTIONS /auth/login - 204 (1ms)
[2026-07-14T14:05:20.675Z] [IP: ::1] POST /auth/login - 200 (170ms)
[2026-07-14T14:05:20.709Z] [IP: ::1] OPTIONS /schedules - 204 (1ms)
[2026-07-14T14:05:20.710Z] [IP: ::1] OPTIONS /rooms - 204 (1ms)
[2026-07-14T14:05:20.712Z] [IP: ::1] OPTIONS /schedules - 204 (0ms)
[2026-07-14T14:05:20.711Z] [IP: ::1] GET /auth/me - 200 (6ms)
[2026-07-14T14:05:20.735Z] [IP: ::1] OPTIONS /rooms - 204 (0ms)
[2026-07-14T14:05:20.750Z] [IP: ::1] GET /auth/me - 304 (19ms)
[2026-07-14T14:05:20.762Z] [IP: ::1] GET /rooms - 304 (35ms)
[2026-07-14T14:05:20.771Z] [IP: ::1] GET /schedules - 200 (58ms)
[2026-07-14T14:05:20.783Z] [IP: ::1] GET /schedules - 304 (8ms)
[2026-07-14T14:05:20.786Z] [IP: ::1] GET /rooms - 304 (13ms)
[2026-07-14T14:05:25.842Z] [IP: ::1] OPTIONS /chat/assist - 204 (0ms)
[2026-07-14T14:05:26.816Z] [IP: ::1] POST /chat/assist - 200 (973ms)
[2026-07-14T14:05:51.296Z] [IP: ::1] OPTIONS /schedules - 204 (0ms)
[2026-07-14T14:05:51.297Z] [IP: ::1] OPTIONS /rooms - 204 (0ms)
[2026-07-14T14:05:51.297Z] [IP: ::1] OPTIONS /schedules - 204 (0ms)
[2026-07-14T14:05:51.299Z] [IP: ::1] OPTIONS /rooms - 204 (0ms)
[2026-07-14T14:05:51.316Z] [IP: ::1] GET /schedules - 304 (18ms)
[2026-07-14T14:05:51.319Z] [IP: ::1] GET /rooms - 304 (18ms)
[2026-07-14T14:05:51.327Z] [IP: ::1] GET /schedules - 304 (7ms)
[2026-07-14T14:05:51.330Z] [IP: ::1] GET /rooms - 304 (9ms)
[2026-07-14T14:06:36.130Z] [IP: ::1] OPTIONS /rooms - 204 (0ms)
[2026-07-14T14:06:36.128Z] [IP: ::1] OPTIONS /rooms - 204 (0ms)
[2026-07-14T14:06:36.145Z] [IP: ::1] GET /rooms - 304 (14ms)
[2026-07-14T14:06:36.150Z] [IP: ::1] GET /rooms - 304 (3ms)
[2026-07-14T14:07:14.917Z] [IP: ::1] OPTIONS /users/103/booking - 204 (1ms)
[2026-07-14T14:07:14.917Z] [IP: ::1] OPTIONS /users/103/booking - 204 (0ms)
[2026-07-14T14:07:14.939Z] [IP: ::1] GET /users/103/booking - 200 (21ms)
[2026-07-14T14:07:14.948Z] [IP: ::1] GET /users/103/booking - 304 (6ms)
[2026-07-14T14:07:15.597Z] [IP: ::1] GET /users/103/booking - 304 (4ms)
[2026-07-14T14:07:15.603Z] [IP: ::1] GET /users/103/booking - 304 (5ms)
[2026-07-14T14:31:30.541Z] [IP: ::1] OPTIONS /auth/me - 204 (1ms)
[2026-07-14T14:31:30.542Z] [IP: ::1] OPTIONS /users/103/booking - 204 (0ms)
[2026-07-14T14:31:30.563Z] [IP: ::1] GET /auth/me - 304 (20ms)
[2026-07-14T14:31:30.565Z] [IP: ::1] GET /users/103/booking - 304 (17ms)
[2026-07-14T14:31:30.572Z] [IP: ::1] GET /auth/me - 304 (7ms)
[2026-07-14T14:31:30.575Z] [IP: ::1] GET /users/103/booking - 304 (6ms)
[2026-07-14T15:36:22.996Z] [IP: ::1] OPTIONS /auth/me - 204 (3ms)
[2026-07-14T15:36:23.012Z] [IP: ::1] GET /auth/me - 403 (11ms)
[2026-07-14T15:36:23.013Z] [IP: ::1] OPTIONS /users/103/booking - 204 (0ms)
[2026-07-14T15:36:23.020Z] [IP: ::1] OPTIONS /auth/me - 204 (0ms)
[2026-07-14T15:36:23.024Z] [IP: ::1] GET /users/103/booking - 403 (3ms)
[2026-07-14T15:36:23.027Z] [IP: ::1] OPTIONS /users/103/booking - 204 (2ms)
[2026-07-14T15:36:23.033Z] [IP: ::1] GET /users/103/booking - 403 (5ms)
[2026-07-14T15:36:23.037Z] [IP: ::1] GET /auth/me - 403 (3ms)
[2026-07-14T15:36:23.039Z] [IP: ::1] OPTIONS /user/103/booking - 204 (1ms)
[2026-07-14T15:36:23.041Z] [IP: ::1] OPTIONS /user/103/booking - 204 (1ms)
[2026-07-14T15:36:23.051Z] [IP: ::1] GET /user/103/booking - 404 (3ms)
[2026-07-14T15:36:23.056Z] [IP: ::1] GET /user/103/booking - 404 (3ms)
[2026-07-14T15:36:23.059Z] [IP: ::1] OPTIONS /bookings - 204 (1ms)
[2026-07-14T15:36:23.063Z] [IP: ::1] GET /bookings - 404 (3ms)
[2026-07-14T15:36:23.068Z] [IP: ::1] GET /bookings - 404 (3ms)
[2026-07-14T15:36:23.070Z] [IP: ::1] OPTIONS /booking - 204 (0ms)
[2026-07-14T15:36:23.073Z] [IP: ::1] GET /booking - 403 (2ms)
[2026-07-14T15:36:23.082Z] [IP: ::1] GET /booking - 403 (3ms)
[2026-07-14T15:40:37.692Z] [IP: ::1] OPTIONS /auth/me - 204 (3ms)
[2026-07-14T15:40:37.697Z] [IP: ::1] OPTIONS /users/103/booking - 204 (0ms)
[2026-07-14T15:40:37.705Z] [IP: ::1] GET /auth/me - 403 (7ms)
[2026-07-14T15:40:37.713Z] [IP: ::1] OPTIONS /auth/me - 204 (4ms)
[2026-07-14T15:40:37.721Z] [IP: ::1] GET /auth/me - 403 (7ms)
[2026-07-14T15:40:37.724Z] [IP: ::1] GET /users/103/booking - 403 (2ms)
[2026-07-14T15:40:37.731Z] [IP: ::1] GET /users/103/booking - 403 (1ms)
[2026-07-14T15:40:37.728Z] [IP: ::1] OPTIONS /users/103/booking - 204 (4ms)
[2026-07-14T15:40:37.735Z] [IP: ::1] OPTIONS /user/103/booking - 204 (0ms)
[2026-07-14T15:40:37.736Z] [IP: ::1] OPTIONS /user/103/booking - 204 (0ms)
[2026-07-14T15:40:37.737Z] [IP: ::1] GET /user/103/booking - 404 (1ms)
[2026-07-14T15:40:37.738Z] [IP: ::1] GET /user/103/booking - 404 (0ms)
[2026-07-14T15:40:37.742Z] [IP: ::1] OPTIONS /bookings - 204 (1ms)
[2026-07-14T15:40:37.744Z] [IP: ::1] OPTIONS /bookings - 204 (0ms)
[2026-07-14T15:40:37.745Z] [IP: ::1] GET /bookings - 404 (0ms)
[2026-07-14T15:40:37.747Z] [IP: ::1] GET /bookings - 404 (1ms)
[2026-07-14T15:40:37.750Z] [IP: ::1] OPTIONS /booking - 204 (0ms)
[2026-07-14T15:40:37.753Z] [IP: ::1] GET /booking - 403 (2ms)
[2026-07-14T15:40:37.759Z] [IP: ::1] GET /booking - 403 (2ms)
[2026-07-14T15:49:18.450Z] [IP: ::1] OPTIONS /auth/me - 204 (0ms)
[2026-07-14T15:49:18.451Z] [IP: ::1] OPTIONS /users/103/booking - 204 (0ms)
[2026-07-14T15:49:18.453Z] [IP: ::1] OPTIONS /auth/me - 204 (1ms)
[2026-07-14T15:49:18.456Z] [IP: ::1] OPTIONS /users/103/booking - 204 (1ms)
[2026-07-14T15:49:18.458Z] [IP: ::1] GET /users/103/booking - 403 (2ms)
[2026-07-14T15:49:18.460Z] [IP: ::1] GET /auth/me - 403 (1ms)
[2026-07-14T15:49:18.464Z] [IP: ::1] GET /users/103/booking - 403 (3ms)
[2026-07-14T15:49:18.467Z] [IP: ::1] GET /auth/me - 403 (2ms)
[2026-07-14T15:49:18.473Z] [IP: ::1] OPTIONS /user/103/booking - 204 (0ms)
[2026-07-14T15:49:18.475Z] [IP: ::1] GET /user/103/booking - 404 (0ms)
[2026-07-14T15:49:18.478Z] [IP: ::1] GET /user/103/booking - 404 (0ms)
[2026-07-14T15:49:18.485Z] [IP: ::1] OPTIONS /bookings - 204 (0ms)
[2026-07-14T15:49:18.486Z] [IP: ::1] GET /bookings - 404 (0ms)
[2026-07-14T15:49:18.489Z] [IP: ::1] GET /bookings - 404 (0ms)
[2026-07-14T15:49:18.495Z] [IP: ::1] OPTIONS /booking - 204 (0ms)
[2026-07-14T15:49:18.497Z] [IP: ::1] OPTIONS /booking - 204 (0ms)
[2026-07-14T15:49:18.499Z] [IP: ::1] GET /booking - 403 (1ms)
[2026-07-14T15:49:18.503Z] [IP: ::1] GET /booking - 403 (2ms)
[2026-07-14T15:52:17.400Z] [IP: ::1] OPTIONS /auth/me - 204 (1ms)
[2026-07-14T15:52:17.402Z] [IP: ::1] OPTIONS /users/103/booking - 204 (1ms)
[2026-07-14T15:52:17.405Z] [IP: ::1] OPTIONS /auth/me - 204 (2ms)
[2026-07-14T15:52:17.406Z] [IP: ::1] OPTIONS /users/103/booking - 204 (1ms)
[2026-07-14T15:52:17.413Z] [IP: ::1] GET /users/103/booking - 403 (5ms)
[2026-07-14T15:52:17.415Z] [IP: ::1] GET /auth/me - 403 (1ms)
[2026-07-14T15:52:17.418Z] [IP: ::1] GET /users/103/booking - 403 (2ms)
[2026-07-14T15:52:17.421Z] [IP: ::1] GET /auth/me - 403 (3ms)
[2026-07-14T15:52:17.422Z] [IP: ::1] OPTIONS /user/103/booking - 204 (1ms)
[2026-07-14T15:52:17.423Z] [IP: ::1] OPTIONS /user/103/booking - 204 (1ms)
[2026-07-14T15:52:17.424Z] [IP: ::1] GET /user/103/booking - 404 (1ms)
[2026-07-14T15:52:17.425Z] [IP: ::1] GET /user/103/booking - 404 (1ms)
[2026-07-14T15:52:17.430Z] [IP: ::1] OPTIONS /bookings - 204 (1ms)
[2026-07-14T15:52:17.431Z] [IP: ::1] GET /bookings - 404 (1ms)
[2026-07-14T15:52:17.432Z] [IP: ::1] GET /bookings - 404 (0ms)
[2026-07-14T15:52:17.436Z] [IP: ::1] OPTIONS /booking - 204 (1ms)
[2026-07-14T15:52:17.439Z] [IP: ::1] GET /booking - 403 (2ms)
[2026-07-14T15:52:17.443Z] [IP: ::1] GET /booking - 403 (2ms)
[2026-07-14T16:03:32.873Z] [IP: ::1] OPTIONS /auth/me - 204 (1ms)
[2026-07-14T16:03:32.873Z] [IP: ::1] OPTIONS /users/103/booking - 204 (0ms)
[2026-07-14T16:03:32.875Z] [IP: ::1] OPTIONS /auth/me - 204 (0ms)
[2026-07-14T16:03:32.875Z] [IP: ::1] OPTIONS /users/103/booking - 204 (0ms)
[2026-07-14T16:03:32.881Z] [IP: ::1] GET /users/103/booking - 403 (4ms)
[2026-07-14T16:03:32.883Z] [IP: ::1] GET /auth/me - 403 (2ms)
[2026-07-14T16:03:32.886Z] [IP: ::1] GET /users/103/booking - 403 (2ms)
[2026-07-14T16:03:32.889Z] [IP: ::1] GET /auth/me - 403 (2ms)
[2026-07-14T16:03:32.890Z] [IP: ::1] OPTIONS /user/103/booking - 204 (0ms)
[2026-07-14T16:03:32.891Z] [IP: ::1] OPTIONS /user/103/booking - 204 (0ms)
[2026-07-14T16:03:32.892Z] [IP: ::1] GET /user/103/booking - 404 (0ms)
[2026-07-14T16:03:32.894Z] [IP: ::1] GET /user/103/booking - 404 (1ms)
[2026-07-14T16:03:32.897Z] [IP: ::1] OPTIONS /bookings - 204 (1ms)
[2026-07-14T16:03:32.900Z] [IP: ::1] OPTIONS /bookings - 204 (0ms)
[2026-07-14T16:03:32.901Z] [IP: ::1] GET /bookings - 404 (1ms)
[2026-07-14T16:03:32.902Z] [IP: ::1] GET /bookings - 404 (0ms)
[2026-07-14T16:03:32.905Z] [IP: ::1] OPTIONS /booking - 204 (1ms)
[2026-07-14T16:03:32.906Z] [IP: ::1] OPTIONS /booking - 204 (0ms)
[2026-07-14T16:03:32.908Z] [IP: ::1] GET /booking - 403 (2ms)
[2026-07-14T16:03:32.911Z] [IP: ::1] GET /booking - 403 (2ms)
[2026-07-15T06:50:26.417Z] [IP: ::1] OPTIONS /auth/me - 204 (5ms)
[2026-07-15T06:50:26.434Z] [IP: ::1] GET /auth/me - 403 (12ms)
[2026-07-15T06:50:26.444Z] [IP: ::1] OPTIONS /users/103/booking - 204 (0ms)
[2026-07-15T06:50:26.447Z] [IP: ::1] OPTIONS /auth/me - 204 (1ms)
[2026-07-15T06:50:26.451Z] [IP: ::1] GET /users/103/booking - 403 (3ms)
[2026-07-15T06:50:26.453Z] [IP: ::1] OPTIONS /users/103/booking - 204 (0ms)
[2026-07-15T06:50:26.459Z] [IP: ::1] GET /auth/me - 403 (5ms)
[2026-07-15T06:50:26.470Z] [IP: ::1] GET /users/103/booking - 403 (6ms)
[2026-07-15T06:50:26.471Z] [IP: ::1] OPTIONS /user/103/booking - 204 (0ms)
[2026-07-15T06:50:26.487Z] [IP: ::1] GET /user/103/booking - 404 (10ms)
[2026-07-15T06:50:26.506Z] [IP: ::1] GET /user/103/booking - 404 (1ms)
[2026-07-15T06:50:26.510Z] [IP: ::1] OPTIONS /bookings - 204 (0ms)
[2026-07-15T06:50:26.512Z] [IP: ::1] GET /bookings - 404 (0ms)
[2026-07-15T06:50:26.516Z] [IP: ::1] GET /bookings - 404 (1ms)
[2026-07-15T06:50:26.523Z] [IP: ::1] OPTIONS /booking - 204 (1ms)
[2026-07-15T06:50:26.528Z] [IP: ::1] GET /booking - 403 (3ms)
[2026-07-15T06:50:26.533Z] [IP: ::1] GET /booking - 403 (3ms)
[2026-07-15T06:58:34.205Z] [IP: ::1] OPTIONS /auth/me - 204 (5ms)
[2026-07-15T06:58:34.212Z] [IP: ::1] GET /auth/me - 403 (6ms)
[2026-07-15T06:58:34.215Z] [IP: ::1] OPTIONS /users/103/booking - 204 (0ms)
[2026-07-15T06:58:34.231Z] [IP: ::1] OPTIONS /auth/me - 204 (0ms)
[2026-07-15T06:58:34.235Z] [IP: ::1] GET /users/103/booking - 403 (3ms)
[2026-07-15T06:58:34.237Z] [IP: ::1] OPTIONS /users/103/booking - 204 (1ms)
[2026-07-15T06:58:34.241Z] [IP: ::1] GET /auth/me - 403 (3ms)
[2026-07-15T06:58:34.246Z] [IP: ::1] GET /users/103/booking - 403 (4ms)
[2026-07-15T06:58:34.247Z] [IP: ::1] OPTIONS /user/103/booking - 204 (0ms)
[2026-07-15T06:58:34.251Z] [IP: ::1] GET /user/103/booking - 404 (2ms)
[2026-07-15T06:58:34.257Z] [IP: ::1] GET /user/103/booking - 404 (1ms)
[2026-07-15T06:58:34.261Z] [IP: ::1] OPTIONS /bookings - 204 (0ms)
[2026-07-15T06:58:34.264Z] [IP: ::1] GET /bookings - 404 (1ms)
[2026-07-15T06:58:34.269Z] [IP: ::1] GET /bookings - 404 (2ms)
[2026-07-15T06:58:34.274Z] [IP: ::1] OPTIONS /booking - 204 (1ms)
[2026-07-15T06:58:34.281Z] [IP: ::1] GET /booking - 403 (4ms)
[2026-07-15T06:58:34.287Z] [IP: ::1] GET /booking - 403 (4ms)
[2026-07-15T07:16:31.214Z] [IP: ::1] OPTIONS /auth/me - 204 (1ms)
[2026-07-15T07:16:31.218Z] [IP: ::1] OPTIONS /users/103/booking - 204 (0ms)
[2026-07-15T07:16:31.221Z] [IP: ::1] GET /auth/me - 403 (2ms)
[2026-07-15T07:16:31.222Z] [IP: ::1] OPTIONS /auth/me - 204 (1ms)
[2026-07-15T07:16:31.224Z] [IP: ::1] GET /users/103/booking - 403 (2ms)
[2026-07-15T07:16:31.225Z] [IP: ::1] OPTIONS /users/103/booking - 204 (1ms)
[2026-07-15T07:16:31.232Z] [IP: ::1] GET /auth/me - 403 (7ms)
[2026-07-15T07:16:31.235Z] [IP: ::1] GET /users/103/booking - 403 (2ms)
[2026-07-15T07:16:31.235Z] [IP: ::1] OPTIONS /user/103/booking - 204 (0ms)
[2026-07-15T07:16:31.238Z] [IP: ::1] GET /user/103/booking - 404 (1ms)
[2026-07-15T07:16:31.241Z] [IP: ::1] GET /user/103/booking - 404 (1ms)
[2026-07-15T07:16:31.249Z] [IP: ::1] OPTIONS /bookings - 204 (2ms)
[2026-07-15T07:16:31.251Z] [IP: ::1] OPTIONS /bookings - 204 (1ms)
[2026-07-15T07:16:31.255Z] [IP: ::1] GET /bookings - 404 (3ms)
[2026-07-15T07:16:31.258Z] [IP: ::1] GET /bookings - 404 (3ms)
[2026-07-15T07:16:31.260Z] [IP: ::1] OPTIONS /booking - 204 (1ms)
[2026-07-15T07:16:31.262Z] [IP: ::1] OPTIONS /booking - 204 (0ms)
[2026-07-15T07:16:31.267Z] [IP: ::1] GET /booking - 403 (4ms)
[2026-07-15T07:16:31.272Z] [IP: ::1] GET /booking - 403 (2ms)
[2026-07-15T07:34:25.821Z] [IP: ::ffff:127.0.0.1] GET /users/ban/1 - 404 (9ms)
[2026-07-15T07:34:30.943Z] [IP: ::ffff:127.0.0.1] POST /users/ban/1 - 404 (2ms)
[2026-07-15T07:34:57.318Z] [IP: ::ffff:127.0.0.1] PATCH /users/ban/1 - 403 (8ms)
[2026-07-15T07:35:12.686Z] [IP: ::ffff:127.0.0.1] PATCH /auth/login - 404 (1ms)
[2026-07-15T07:35:16.268Z] [IP: ::ffff:127.0.0.1] POST /auth/login - 200 (122ms)
[2026-07-15T07:35:33.286Z] [IP: ::ffff:127.0.0.1] PATCH /users/ban/1 - 200 (39ms)
[2026-07-15T07:37:10.570Z] [IP: ::1] OPTIONS /auth/me - 204 (3ms)
[2026-07-15T07:37:10.574Z] [IP: ::1] GET /auth/me - 403 (2ms)
[2026-07-15T07:37:10.577Z] [IP: ::1] OPTIONS /users/103/booking - 204 (1ms)
[2026-07-15T07:37:10.581Z] [IP: ::1] GET /users/103/booking - 403 (3ms)
[2026-07-15T07:37:10.582Z] [IP: ::1] OPTIONS /auth/me - 204 (1ms)
[2026-07-15T07:37:10.584Z] [IP: ::1] OPTIONS /users/103/booking - 204 (1ms)
[2026-07-15T07:37:10.587Z] [IP: ::1] GET /auth/me - 403 (3ms)
[2026-07-15T07:37:10.591Z] [IP: ::1] GET /users/103/booking - 403 (3ms)
[2026-07-15T07:37:10.629Z] [IP: ::1] OPTIONS /user/103/booking - 204 (0ms)
[2026-07-15T07:37:10.638Z] [IP: ::1] OPTIONS /user/103/booking - 204 (1ms)
[2026-07-15T07:37:10.641Z] [IP: ::1] GET /user/103/booking - 404 (2ms)
[2026-07-15T07:37:10.643Z] [IP: ::1] GET /user/103/booking - 404 (1ms)
[2026-07-15T07:37:10.661Z] [IP: ::1] OPTIONS /bookings - 204 (0ms)
[2026-07-15T07:37:10.663Z] [IP: ::1] OPTIONS /bookings - 204 (0ms)
[2026-07-15T07:37:10.665Z] [IP: ::1] GET /bookings - 404 (1ms)
[2026-07-15T07:37:10.668Z] [IP: ::1] GET /bookings - 404 (2ms)
[2026-07-15T07:37:10.671Z] [IP: ::1] OPTIONS /booking - 204 (0ms)
[2026-07-15T07:37:10.675Z] [IP: ::1] GET /booking - 403 (3ms)
[2026-07-15T07:37:10.684Z] [IP: ::1] GET /booking - 403 (2ms)
[2026-07-15T07:37:12.675Z] [IP: ::1] GET /auth/me - 403 (3ms)
[2026-07-15T07:37:12.678Z] [IP: ::1] GET /users/103/booking - 403 (2ms)
[2026-07-15T07:37:12.681Z] [IP: ::1] GET /auth/me - 403 (2ms)
[2026-07-15T07:37:12.689Z] [IP: ::1] GET /users/103/booking - 403 (6ms)
[2026-07-15T07:37:12.691Z] [IP: ::1] GET /user/103/booking - 404 (1ms)
[2026-07-15T07:37:12.697Z] [IP: ::1] GET /user/103/booking - 404 (1ms)
[2026-07-15T07:37:12.699Z] [IP: ::1] GET /bookings - 404 (1ms)
[2026-07-15T07:37:12.705Z] [IP: ::1] GET /bookings - 404 (2ms)
[2026-07-15T07:37:12.708Z] [IP: ::1] GET /booking - 403 (2ms)
[2026-07-15T07:37:12.713Z] [IP: ::1] GET /booking - 403 (3ms)
[2026-07-15T07:37:13.980Z] [IP: ::1] GET /auth/me - 403 (2ms)
[2026-07-15T07:37:13.985Z] [IP: ::1] GET /auth/me - 403 (4ms)
[2026-07-15T07:37:20.077Z] [IP: ::1] OPTIONS /auth/login - 204 (0ms)
[2026-07-15T07:37:20.182Z] [IP: ::1] POST /auth/login - 200 (104ms)
[2026-07-15T07:37:20.213Z] [IP: ::1] OPTIONS /auth/me - 204 (0ms)
[2026-07-15T07:37:20.214Z] [IP: ::1] OPTIONS /schedules - 204 (0ms)
[2026-07-15T07:37:20.216Z] [IP: ::1] OPTIONS /rooms - 204 (1ms)
[2026-07-15T07:37:20.217Z] [IP: ::1] OPTIONS /auth/me - 204 (0ms)
[2026-07-15T07:37:20.218Z] [IP: ::1] OPTIONS /schedules - 204 (1ms)
[2026-07-15T07:37:20.223Z] [IP: ::1] OPTIONS /rooms - 204 (0ms)
[2026-07-15T07:37:20.240Z] [IP: ::1] GET /auth/me - 200 (21ms)
[2026-07-15T07:37:20.260Z] [IP: ::1] GET /schedules - 304 (37ms)
[2026-07-15T07:37:20.267Z] [IP: ::1] GET /rooms - 304 (33ms)
[2026-07-15T07:37:20.276Z] [IP: ::1] GET /auth/me - 304 (35ms)
[2026-07-15T07:37:20.287Z] [IP: ::1] GET /schedules - 304 (19ms)
[2026-07-15T07:37:20.290Z] [IP: ::1] GET /rooms - 304 (12ms)
[2026-07-15T07:37:25.843Z] [IP: ::1] OPTIONS /rooms - 204 (3ms)
[2026-07-15T07:37:25.846Z] [IP: ::1] OPTIONS /rooms - 204 (2ms)
[2026-07-15T07:37:25.859Z] [IP: ::1] GET /rooms - 304 (11ms)
[2026-07-15T07:37:25.872Z] [IP: ::1] GET /rooms - 304 (10ms)
[2026-07-15T07:37:27.260Z] [IP: ::1] GET /rooms - 304 (6ms)
[2026-07-15T07:37:27.269Z] [IP: ::1] GET /rooms - 304 (6ms)
[2026-07-15T07:37:28.624Z] [IP: ::1] OPTIONS /auth/me - 204 (1ms)
[2026-07-15T07:37:28.631Z] [IP: ::1] GET /auth/me - 304 (5ms)
[2026-07-15T07:37:28.637Z] [IP: ::1] GET /auth/me - 304 (5ms)
[2026-07-15T07:37:28.686Z] [IP: ::1] OPTIONS /users/ - 204 (2ms)
[2026-07-15T07:37:28.690Z] [IP: ::1] OPTIONS /booking/pendings - 204 (1ms)
[2026-07-15T07:37:28.693Z] [IP: ::1] OPTIONS /users/ - 204 (1ms)
[2026-07-15T07:37:28.691Z] [IP: ::1] OPTIONS /booking/pendings - 204 (0ms)
[2026-07-15T07:37:28.715Z] [IP: ::1] GET /users/ - 200 (21ms)
[2026-07-15T07:37:28.717Z] [IP: ::1] GET /booking/pendings - 200 (18ms)
[2026-07-15T07:37:28.736Z] [IP: ::1] GET /users/ - 304 (19ms)
[2026-07-15T07:37:28.740Z] [IP: ::1] GET /rooms - 304 (14ms)
[2026-07-15T07:37:28.743Z] [IP: ::1] GET /booking/pendings - 304 (21ms)
[2026-07-15T07:37:28.747Z] [IP: ::1] OPTIONS /users/103/booking - 204 (0ms)
[2026-07-15T07:37:28.751Z] [IP: ::1] GET /rooms - 304 (6ms)
[2026-07-15T07:37:28.763Z] [IP: ::1] GET /users/103/booking - 200 (12ms)
[2026-07-15T07:37:28.769Z] [IP: ::1] OPTIONS /booking/approved - 204 (0ms)
[2026-07-15T07:37:28.771Z] [IP: ::1] GET /users/103/booking - 304 (6ms)
[2026-07-15T07:37:28.780Z] [IP: ::1] GET /booking/approved - 200 (8ms)
[2026-07-15T07:37:28.792Z] [IP: ::1] GET /booking/approved - 304 (9ms)
[2026-07-15T07:37:29.631Z] [IP: ::1] GET /users/103/booking - 304 (6ms)
[2026-07-15T07:37:29.639Z] [IP: ::1] GET /users/103/booking - 304 (7ms)
[2026-07-15T07:37:31.236Z] [IP: ::1] OPTIONS /rooms - 204 (1ms)
[2026-07-15T07:37:31.237Z] [IP: ::1] OPTIONS /rooms - 204 (1ms)
[2026-07-15T07:37:31.249Z] [IP: ::1] GET /rooms - 304 (10ms)
[2026-07-15T07:37:31.260Z] [IP: ::1] GET /rooms - 304 (9ms)
[2026-07-15T07:37:32.773Z] [IP: ::1] GET /users/103/booking - 304 (7ms)
[2026-07-15T07:37:32.782Z] [IP: ::1] GET /users/103/booking - 304 (7ms)
[2026-07-15T07:37:34.953Z] [IP: ::1] GET /rooms - 304 (6ms)
[2026-07-15T07:37:34.959Z] [IP: ::1] GET /rooms - 304 (4ms)
[2026-07-15T07:37:37.591Z] [IP: ::1] OPTIONS /rooms - 204 (1ms)
[2026-07-15T07:37:37.592Z] [IP: ::1] OPTIONS /rooms - 204 (1ms)
[2026-07-15T07:37:37.598Z] [IP: ::1] GET /rooms - 304 (5ms)
[2026-07-15T07:37:37.605Z] [IP: ::1] GET /rooms - 304 (5ms)
[2026-07-15T07:37:42.388Z] [IP: ::1] OPTIONS /users/103/booking - 204 (0ms)
[2026-07-15T07:37:42.390Z] [IP: ::1] OPTIONS /users/103/booking - 204 (1ms)
[2026-07-15T07:37:42.399Z] [IP: ::1] GET /users/103/booking - 304 (8ms)
[2026-07-15T07:37:42.412Z] [IP: ::1] GET /users/103/booking - 304 (12ms)
[2026-07-15T07:37:43.142Z] [IP: ::1] GET /users/103/booking - 304 (7ms)
[2026-07-15T07:37:43.153Z] [IP: ::1] GET /users/103/booking - 304 (9ms)
[2026-07-15T07:37:44.096Z] [IP: ::1] OPTIONS /auth/me - 204 (2ms)
[2026-07-15T07:37:44.104Z] [IP: ::1] OPTIONS /auth/me - 204 (5ms)
[2026-07-15T07:37:44.124Z] [IP: ::1] GET /auth/me - 304 (19ms)
[2026-07-15T07:37:44.153Z] [IP: ::1] GET /auth/me - 304 (13ms)
[2026-07-15T07:37:44.186Z] [IP: ::1] OPTIONS /users/ - 204 (3ms)
[2026-07-15T07:37:44.220Z] [IP: ::1] OPTIONS /booking/pendings - 204 (1ms)
[2026-07-15T07:37:44.241Z] [IP: ::1] OPTIONS /users/ - 204 (1ms)
[2026-07-15T07:37:44.344Z] [IP: ::1] OPTIONS /booking/pendings - 204 (2ms)
[2026-07-15T07:37:44.378Z] [IP: ::1] GET /users/ - 304 (183ms)
[2026-07-15T07:37:44.383Z] [IP: ::1] GET /booking/pendings - 304 (157ms)
[2026-07-15T07:37:44.436Z] [IP: ::1] OPTIONS /rooms - 204 (0ms)
[2026-07-15T07:37:44.452Z] [IP: ::1] GET /booking/pendings - 304 (39ms)
[2026-07-15T07:37:44.470Z] [IP: ::1] GET /users/ - 304 (61ms)
[2026-07-15T07:37:44.476Z] [IP: ::1] GET /rooms - 304 (32ms)
[2026-07-15T07:37:44.487Z] [IP: ::1] GET /rooms - 304 (7ms)
[2026-07-15T07:37:44.500Z] [IP: ::1] GET /users/103/booking - 304 (12ms)
[2026-07-15T07:37:44.511Z] [IP: ::1] OPTIONS /booking/approved - 204 (0ms)
[2026-07-15T07:37:44.519Z] [IP: ::1] GET /users/103/booking - 304 (15ms)
[2026-07-15T07:37:44.541Z] [IP: ::1] GET /booking/approved - 304 (14ms)
[2026-07-15T07:37:44.565Z] [IP: ::1] GET /booking/approved - 304 (20ms)
[2026-07-15T07:37:45.572Z] [IP: ::1] GET /users/ - 304 (13ms)
[2026-07-15T07:37:45.587Z] [IP: ::1] GET /users/ - 304 (12ms)
[2026-07-15T07:38:28.807Z] [IP: ::1] OPTIONS /users/103/booking - 204 (3ms)
[2026-07-15T07:38:28.814Z] [IP: ::1] OPTIONS /users/103/booking - 204 (5ms)
[2026-07-15T07:38:28.842Z] [IP: ::1] GET /users/103/booking - 304 (26ms)
[2026-07-15T07:38:28.860Z] [IP: ::1] GET /users/103/booking - 304 (15ms)
[2026-07-15T07:38:29.183Z] [IP: ::1] OPTIONS /rooms - 204 (1ms)
[2026-07-15T07:38:29.184Z] [IP: ::1] OPTIONS /rooms - 204 (0ms)
[2026-07-15T07:38:29.191Z] [IP: ::1] GET /rooms - 304 (5ms)
[2026-07-15T07:38:29.200Z] [IP: ::1] GET /rooms - 304 (6ms)
[2026-07-15T07:38:30.525Z] [IP: ::1] GET /rooms - 304 (6ms)
[2026-07-15T07:38:30.534Z] [IP: ::1] GET /rooms - 304 (7ms)
[2026-07-15T07:40:04.638Z] [IP: ::1] OPTIONS /auth/me - 204 (1ms)
[2026-07-15T07:40:04.640Z] [IP: ::1] OPTIONS /rooms - 204 (1ms)
[2026-07-15T07:40:04.642Z] [IP: ::1] OPTIONS /auth/me - 204 (0ms)
[2026-07-15T07:40:04.644Z] [IP: ::1] OPTIONS /rooms - 204 (0ms)
[2026-07-15T07:40:04.684Z] [IP: ::1] GET /rooms - 304 (30ms)
[2026-07-15T07:40:04.703Z] [IP: ::1] GET /auth/me - 304 (57ms)
[2026-07-15T07:40:04.737Z] [IP: ::1] GET /rooms - 304 (22ms)
[2026-07-15T07:40:04.745Z] [IP: ::1] GET /auth/me - 304 (26ms)
[2026-07-15T07:40:05.675Z] [IP: ::1] OPTIONS /users/103/booking - 204 (0ms)
[2026-07-15T07:40:05.676Z] [IP: ::1] OPTIONS /users/103/booking - 204 (0ms)
[2026-07-15T07:40:05.683Z] [IP: ::1] GET /users/103/booking - 304 (6ms)
[2026-07-15T07:40:05.691Z] [IP: ::1] GET /users/103/booking - 304 (7ms)
[2026-07-15T07:40:06.472Z] [IP: ::1] GET /users/103/booking - 304 (4ms)
[2026-07-15T07:40:06.478Z] [IP: ::1] GET /users/103/booking - 304 (5ms)
[2026-07-15T07:47:39.429Z] [IP: ::1] OPTIONS /auth/me - 204 (1ms)
[2026-07-15T07:47:39.431Z] [IP: ::1] OPTIONS /users/103/booking - 204 (1ms)
[2026-07-15T07:47:39.445Z] [IP: ::1] GET /auth/me - 304 (13ms)
[2026-07-15T07:47:39.448Z] [IP: ::1] GET /users/103/booking - 304 (12ms)
[2026-07-15T07:47:39.461Z] [IP: ::1] GET /auth/me - 304 (11ms)
[2026-07-15T07:47:39.463Z] [IP: ::1] GET /users/103/booking - 304 (9ms)
[2026-07-15T07:49:00.611Z] [IP: ::1] OPTIONS /auth/me - 204 (0ms)
[2026-07-15T07:49:00.612Z] [IP: ::1] OPTIONS /auth/me - 204 (0ms)
[2026-07-15T07:49:00.620Z] [IP: ::1] GET /auth/me - 304 (8ms)
[2026-07-15T07:49:00.632Z] [IP: ::1] GET /auth/me - 304 (10ms)
[2026-07-15T07:49:01.358Z] [IP: ::1] OPTIONS /rooms - 204 (0ms)
[2026-07-15T07:49:01.359Z] [IP: ::1] OPTIONS /rooms - 204 (1ms)
[2026-07-15T07:49:01.364Z] [IP: ::1] GET /rooms - 304 (3ms)
[2026-07-15T07:49:01.368Z] [IP: ::1] GET /rooms - 304 (2ms)
[2026-07-15T07:49:44.328Z] [IP: ::1] OPTIONS /auth/me - 204 (0ms)
[2026-07-15T07:49:44.330Z] [IP: ::1] OPTIONS /auth/me - 204 (1ms)
[2026-07-15T07:49:44.343Z] [IP: ::1] GET /auth/me - 304 (13ms)
[2026-07-15T07:49:44.347Z] [IP: ::1] GET /auth/me - 304 (3ms)
[2026-07-15T07:50:31.734Z] [IP: ::1] OPTIONS /auth/me - 204 (0ms)
[2026-07-15T07:50:31.735Z] [IP: ::1] OPTIONS /auth/me - 204 (1ms)
[2026-07-15T07:50:31.751Z] [IP: ::1] GET /auth/me - 304 (15ms)
[2026-07-15T07:50:31.762Z] [IP: ::1] GET /auth/me - 304 (9ms)
[2026-07-15T07:51:32.247Z] [IP: ::1] OPTIONS /auth/me - 204 (0ms)
[2026-07-15T07:51:32.249Z] [IP: ::1] OPTIONS /auth/me - 204 (0ms)
[2026-07-15T07:51:32.258Z] [IP: ::1] GET /auth/me - 304 (8ms)
[2026-07-15T07:51:32.265Z] [IP: ::1] GET /auth/me - 304 (6ms)
[2026-07-15T07:52:20.542Z] [IP: ::1] OPTIONS /rooms - 204 (0ms)
[2026-07-15T07:52:20.543Z] [IP: ::1] OPTIONS /rooms - 204 (1ms)
[2026-07-15T07:52:20.551Z] [IP: ::1] GET /rooms - 304 (7ms)
[2026-07-15T07:52:20.556Z] [IP: ::1] GET /rooms - 304 (3ms)
[2026-07-15T07:53:57.395Z] [IP: ::1] OPTIONS /auth/me - 204 (1ms)
[2026-07-15T07:53:57.398Z] [IP: ::1] OPTIONS /auth/me - 204 (1ms)
[2026-07-15T07:53:57.414Z] [IP: ::1] GET /auth/me - 304 (15ms)
[2026-07-15T07:53:57.429Z] [IP: ::1] GET /auth/me - 304 (13ms)
[2026-07-15T07:55:32.395Z] [IP: ::1] OPTIONS /auth/me - 204 (1ms)
[2026-07-15T07:55:32.397Z] [IP: ::1] OPTIONS /auth/me - 204 (1ms)
[2026-07-15T07:55:32.412Z] [IP: ::1] GET /auth/me - 304 (13ms)
[2026-07-15T07:55:32.421Z] [IP: ::1] GET /auth/me - 304 (8ms)
[2026-07-15T07:55:54.332Z] [IP: ::1] OPTIONS /schedules - 204 (0ms)
[2026-07-15T07:55:54.334Z] [IP: ::1] OPTIONS /rooms - 204 (0ms)
[2026-07-15T07:55:54.335Z] [IP: ::1] OPTIONS /schedules - 204 (0ms)
[2026-07-15T07:55:54.336Z] [IP: ::1] OPTIONS /rooms - 204 (0ms)
[2026-07-15T07:55:54.353Z] [IP: ::1] GET /rooms - 304 (16ms)
[2026-07-15T07:55:54.361Z] [IP: ::1] GET /schedules - 304 (18ms)
[2026-07-15T07:55:54.373Z] [IP: ::1] GET /rooms - 304 (10ms)
[2026-07-15T07:55:54.379Z] [IP: ::1] GET /schedules - 304 (14ms)
[2026-07-15T07:56:50.594Z] [IP: ::1] OPTIONS /rooms - 204 (1ms)
[2026-07-15T07:56:50.601Z] [IP: ::1] OPTIONS /rooms - 204 (4ms)
[2026-07-15T07:56:50.617Z] [IP: ::1] GET /rooms - 304 (15ms)
[2026-07-15T07:56:50.627Z] [IP: ::1] GET /rooms - 304 (5ms)
[2026-07-15T07:56:55.212Z] [IP: ::1] OPTIONS /schedules - 204 (1ms)
[2026-07-15T07:56:55.213Z] [IP: ::1] OPTIONS /schedules - 204 (1ms)
[2026-07-15T07:56:55.218Z] [IP: ::1] GET /rooms - 304 (5ms)
[2026-07-15T07:56:55.222Z] [IP: ::1] GET /schedules - 304 (8ms)
[2026-07-15T07:56:55.229Z] [IP: ::1] GET /rooms - 304 (6ms)
[2026-07-15T07:56:55.233Z] [IP: ::1] GET /schedules - 304 (8ms)
[2026-07-15T07:56:56.697Z] [IP: ::1] OPTIONS /rooms - 204 (0ms)
[2026-07-15T07:56:56.698Z] [IP: ::1] OPTIONS /rooms - 204 (0ms)
[2026-07-15T07:56:56.701Z] [IP: ::1] GET /rooms - 304 (2ms)
[2026-07-15T07:56:56.705Z] [IP: ::1] GET /rooms - 304 (3ms)
[2026-07-15T07:57:05.990Z] [IP: ::1] OPTIONS /users/103/booking - 204 (1ms)
[2026-07-15T07:57:05.990Z] [IP: ::1] OPTIONS /users/103/booking - 204 (0ms)
[2026-07-15T07:57:05.997Z] [IP: ::1] GET /users/103/booking - 304 (5ms)
[2026-07-15T07:57:06.002Z] [IP: ::1] GET /users/103/booking - 304 (4ms)
[2026-07-15T07:57:06.613Z] [IP: ::1] OPTIONS /rooms - 204 (0ms)
[2026-07-15T07:57:06.614Z] [IP: ::1] OPTIONS /rooms - 204 (1ms)
[2026-07-15T07:57:06.618Z] [IP: ::1] GET /rooms - 304 (3ms)
[2026-07-15T07:57:06.621Z] [IP: ::1] GET /rooms - 304 (2ms)
[2026-07-15T07:57:07.082Z] [IP: ::1] OPTIONS /auth/me - 204 (0ms)
[2026-07-15T07:57:07.083Z] [IP: ::1] OPTIONS /auth/me - 204 (0ms)
[2026-07-15T07:57:07.089Z] [IP: ::1] GET /auth/me - 304 (4ms)
[2026-07-15T07:57:07.096Z] [IP: ::1] GET /auth/me - 304 (6ms)
[2026-07-15T07:57:07.116Z] [IP: ::1] OPTIONS /users/ - 204 (0ms)
[2026-07-15T07:57:07.117Z] [IP: ::1] OPTIONS /booking/pendings - 204 (1ms)
[2026-07-15T07:57:07.118Z] [IP: ::1] OPTIONS /users/ - 204 (0ms)
[2026-07-15T07:57:07.119Z] [IP: ::1] OPTIONS /booking/pendings - 204 (1ms)
[2026-07-15T07:57:07.133Z] [IP: ::1] GET /users/ - 304 (13ms)
[2026-07-15T07:57:07.135Z] [IP: ::1] GET /booking/pendings - 304 (13ms)
[2026-07-15T07:57:07.147Z] [IP: ::1] GET /rooms - 304 (4ms)
[2026-07-15T07:57:07.148Z] [IP: ::1] GET /booking/pendings - 304 (9ms)
[2026-07-15T07:57:07.152Z] [IP: ::1] GET /users/ - 304 (16ms)
[2026-07-15T07:57:07.159Z] [IP: ::1] GET /users/103/booking - 304 (5ms)
[2026-07-15T07:57:07.162Z] [IP: ::1] GET /rooms - 304 (6ms)
[2026-07-15T07:57:07.166Z] [IP: ::1] OPTIONS /booking/approved - 204 (0ms)
[2026-07-15T07:57:07.173Z] [IP: ::1] GET /users/103/booking - 304 (6ms)
[2026-07-15T07:57:07.177Z] [IP: ::1] GET /booking/approved - 304 (7ms)
[2026-07-15T07:57:07.183Z] [IP: ::1] GET /booking/approved - 304 (5ms)
[2026-07-15T07:58:21.978Z] [IP: ::1] OPTIONS /rooms - 204 (0ms)
[2026-07-15T07:58:21.979Z] [IP: ::1] OPTIONS /rooms - 204 (1ms)
[2026-07-15T07:58:21.990Z] [IP: ::1] GET /rooms - 304 (10ms)
[2026-07-15T07:58:21.995Z] [IP: ::1] GET /rooms - 304 (4ms)
[2026-07-15T07:58:22.929Z] [IP: ::1] OPTIONS /auth/me - 204 (0ms)
[2026-07-15T07:58:22.929Z] [IP: ::1] OPTIONS /auth/me - 204 (0ms)
[2026-07-15T07:58:22.933Z] [IP: ::1] GET /auth/me - 304 (3ms)
[2026-07-15T07:58:22.937Z] [IP: ::1] GET /auth/me - 304 (3ms)
[2026-07-15T07:58:22.956Z] [IP: ::1] OPTIONS /users/ - 204 (1ms)
[2026-07-15T07:58:22.956Z] [IP: ::1] OPTIONS /booking/pendings - 204 (0ms)
[2026-07-15T07:58:22.957Z] [IP: ::1] OPTIONS /users/ - 204 (0ms)
[2026-07-15T07:58:22.958Z] [IP: ::1] OPTIONS /booking/pendings - 204 (0ms)
[2026-07-15T07:58:22.972Z] [IP: ::1] GET /users/ - 304 (14ms)
[2026-07-15T07:58:22.974Z] [IP: ::1] GET /booking/pendings - 304 (13ms)
[2026-07-15T07:58:22.988Z] [IP: ::1] GET /rooms - 304 (6ms)
[2026-07-15T07:58:22.986Z] [IP: ::1] GET /users/ - 304 (10ms)
[2026-07-15T07:58:23.000Z] [IP: ::1] OPTIONS /users/103/booking - 204 (1ms)
[2026-07-15T07:58:23.000Z] [IP: ::1] GET /booking/pendings - 304 (21ms)
[2026-07-15T07:58:23.004Z] [IP: ::1] GET /rooms - 304 (6ms)
[2026-07-15T07:58:23.014Z] [IP: ::1] GET /users/103/booking - 304 (8ms)
[2026-07-15T07:58:23.018Z] [IP: ::1] OPTIONS /booking/approved - 204 (0ms)
[2026-07-15T07:58:23.020Z] [IP: ::1] GET /users/103/booking - 304 (5ms)
[2026-07-15T07:58:23.029Z] [IP: ::1] GET /booking/approved - 304 (8ms)
[2026-07-15T07:58:23.037Z] [IP: ::1] GET /booking/approved - 304 (6ms)
[2026-07-15T07:58:23.585Z] [IP: ::1] GET /users/ - 304 (6ms)
[2026-07-15T07:58:23.592Z] [IP: ::1] GET /users/ - 304 (6ms)
[2026-07-15T07:58:32.632Z] [IP: ::1] OPTIONS /users/ban/1 - 204 (0ms)
[2026-07-15T07:58:32.636Z] [IP: ::1] POST /users/ban/1 - 404 (1ms)
[2026-07-15T07:59:27.676Z] [IP: ::1] OPTIONS /users/ban/2 - 204 (0ms)
[2026-07-15T07:59:27.689Z] [IP: ::1] PATCH /users/ban/2 - 500 (12ms)
[2026-07-15T08:05:18.905Z] [IP: ::1] OPTIONS /users/ban/2 - 204 (3ms)
[2026-07-15T08:05:18.920Z] [IP: ::1] PATCH /users/ban/2 - 500 (14ms)
[2026-07-15T08:06:14.653Z] [IP: ::1] OPTIONS /users/ban/2 - 204 (3ms)
[2026-07-15T08:06:14.668Z] [IP: ::1] PATCH /users/ban/2 - 500 (14ms)
[2026-07-15T08:06:38.242Z] [IP: ::1] OPTIONS /users/ban/2 - 204 (3ms)
[2026-07-15T08:06:38.278Z] [IP: ::1] PATCH /users/ban/2 - 200 (35ms)
[2026-07-15T08:06:39.356Z] [IP: ::1] OPTIONS /users/ - 204 (1ms)
[2026-07-15T08:06:39.374Z] [IP: ::1] GET /users/ - 200 (14ms)
[2026-07-15T08:10:28.707Z] [IP: ::1] OPTIONS /users/ - 204 (0ms)
[2026-07-15T08:10:28.709Z] [IP: ::1] OPTIONS /booking/pendings - 204 (1ms)
[2026-07-15T08:10:28.726Z] [IP: ::1] OPTIONS /users/ - 204 (1ms)
[2026-07-15T08:10:28.736Z] [IP: ::1] OPTIONS /booking/pendings - 204 (0ms)
[2026-07-15T08:10:28.753Z] [IP: ::1] GET /booking/pendings - 304 (24ms)
[2026-07-15T08:10:28.758Z] [IP: ::1] GET /users/ - 304 (48ms)
[2026-07-15T08:10:28.769Z] [IP: ::1] OPTIONS /rooms - 204 (0ms)
[2026-07-15T08:10:28.775Z] [IP: ::1] GET /booking/pendings - 304 (14ms)
[2026-07-15T08:10:28.781Z] [IP: ::1] GET /rooms - 304 (8ms)
[2026-07-15T08:10:28.787Z] [IP: ::1] GET /users/ - 304 (20ms)
[2026-07-15T08:10:28.790Z] [IP: ::1] OPTIONS /users/103/booking - 204 (2ms)
[2026-07-15T08:10:28.801Z] [IP: ::1] GET /users/103/booking - 200 (9ms)
[2026-07-15T08:10:28.803Z] [IP: ::1] GET /rooms - 304 (7ms)
[2026-07-15T08:10:28.805Z] [IP: ::1] OPTIONS /booking/approved - 204 (0ms)
[2026-07-15T08:10:28.816Z] [IP: ::1] GET /users/103/booking - 304 (9ms)
[2026-07-15T08:10:28.819Z] [IP: ::1] GET /booking/approved - 200 (9ms)
[2026-07-15T08:10:28.829Z] [IP: ::1] GET /booking/approved - 304 (6ms)
[2026-07-15T08:10:31.730Z] [IP: ::1] GET /users/ - 304 (7ms)
[2026-07-15T08:10:31.738Z] [IP: ::1] GET /users/ - 304 (7ms)
[2026-07-15T08:10:33.658Z] [IP: ::1] GET /users/ - 304 (11ms)
[2026-07-15T08:10:33.659Z] [IP: ::1] GET /booking/pendings - 304 (9ms)
[2026-07-15T08:10:33.669Z] [IP: ::1] GET /rooms - 304 (4ms)
[2026-07-15T08:10:33.675Z] [IP: ::1] GET /users/ - 304 (15ms)
[2026-07-15T08:10:33.670Z] [IP: ::1] GET /booking/pendings - 304 (7ms)
[2026-07-15T08:10:33.681Z] [IP: ::1] GET /users/103/booking - 304 (6ms)
[2026-07-15T08:10:33.683Z] [IP: ::1] GET /rooms - 304 (4ms)
[2026-07-15T08:10:33.693Z] [IP: ::1] GET /users/103/booking - 304 (5ms)
[2026-07-15T08:10:33.694Z] [IP: ::1] GET /booking/approved - 304 (9ms)
[2026-07-15T08:10:33.702Z] [IP: ::1] GET /booking/approved - 304 (5ms)
[2026-07-15T08:12:08.654Z] [IP: ::1] OPTIONS /rooms - 204 (1ms)
[2026-07-15T08:12:08.655Z] [IP: ::1] OPTIONS /rooms - 204 (1ms)
[2026-07-15T08:12:08.663Z] [IP: ::1] GET /rooms - 304 (8ms)
[2026-07-15T08:12:08.668Z] [IP: ::1] GET /rooms - 304 (4ms)
[2026-07-15T08:12:18.535Z] [IP: ::1] OPTIONS /auth/me - 204 (1ms)
[2026-07-15T08:12:18.536Z] [IP: ::1] OPTIONS /auth/me - 204 (0ms)
[2026-07-15T08:12:18.542Z] [IP: ::1] GET /auth/me - 200 (4ms)
[2026-07-15T08:12:18.548Z] [IP: ::1] GET /auth/me - 304 (4ms)
[2026-07-15T08:12:18.569Z] [IP: ::1] OPTIONS /users/ - 204 (0ms)
[2026-07-15T08:12:18.570Z] [IP: ::1] OPTIONS /booking/pendings - 204 (0ms)
[2026-07-15T08:12:18.572Z] [IP: ::1] OPTIONS /users/ - 204 (1ms)
[2026-07-15T08:12:18.573Z] [IP: ::1] OPTIONS /booking/pendings - 204 (1ms)
[2026-07-15T08:12:18.588Z] [IP: ::1] GET /users/ - 304 (15ms)
[2026-07-15T08:12:18.590Z] [IP: ::1] GET /booking/pendings - 304 (14ms)
[2026-07-15T08:12:18.599Z] [IP: ::1] OPTIONS /rooms - 204 (0ms)
[2026-07-15T08:12:18.605Z] [IP: ::1] GET /booking/pendings - 304 (10ms)
[2026-07-15T08:12:18.608Z] [IP: ::1] GET /users/ - 304 (16ms)
[2026-07-15T08:12:18.611Z] [IP: ::1] GET /rooms - 304 (6ms)
[2026-07-15T08:12:18.615Z] [IP: ::1] OPTIONS /users/103/booking - 204 (0ms)
[2026-07-15T08:12:18.615Z] [IP: ::1] GET /rooms - 304 (3ms)
[2026-07-15T08:12:18.621Z] [IP: ::1] GET /users/103/booking - 304 (4ms)
[2026-07-15T08:12:18.626Z] [IP: ::1] OPTIONS /booking/approved - 204 (1ms)
[2026-07-15T08:12:18.628Z] [IP: ::1] GET /users/103/booking - 304 (5ms)
[2026-07-15T08:12:18.633Z] [IP: ::1] GET /booking/approved - 304 (4ms)
[2026-07-15T08:12:18.639Z] [IP: ::1] GET /booking/approved - 304 (5ms)
[2026-07-15T08:12:20.135Z] [IP: ::1] GET /rooms - 304 (3ms)
[2026-07-15T08:12:20.140Z] [IP: ::1] GET /rooms - 304 (3ms)
[2026-07-15T08:12:21.572Z] [IP: ::1] GET /auth/me - 304 (3ms)
[2026-07-15T08:12:21.577Z] [IP: ::1] GET /auth/me - 304 (3ms)
[2026-07-15T08:12:21.598Z] [IP: ::1] GET /users/ - 304 (11ms)
[2026-07-15T08:12:21.599Z] [IP: ::1] GET /booking/pendings - 304 (10ms)
[2026-07-15T08:12:21.609Z] [IP: ::1] GET /users/ - 304 (9ms)
[2026-07-15T08:12:21.612Z] [IP: ::1] GET /booking/pendings - 304 (10ms)
[2026-07-15T08:12:21.621Z] [IP: ::1] GET /rooms - 304 (4ms)
[2026-07-15T08:12:21.627Z] [IP: ::1] GET /rooms - 304 (4ms)
[2026-07-15T08:12:21.633Z] [IP: ::1] GET /users/103/booking - 304 (5ms)
[2026-07-15T08:12:21.640Z] [IP: ::1] GET /users/103/booking - 304 (6ms)
[2026-07-15T08:12:21.644Z] [IP: ::1] GET /booking/approved - 304 (7ms)
[2026-07-15T08:12:21.650Z] [IP: ::1] GET /booking/approved - 304 (5ms)
[2026-07-15T08:13:05.942Z] [IP: ::1] OPTIONS /rooms - 204 (1ms)
[2026-07-15T08:13:05.956Z] [IP: ::1] GET /rooms - 304 (11ms)
[2026-07-15T08:13:05.963Z] [IP: ::1] GET /rooms - 304 (4ms)
[2026-07-15T08:13:08.074Z] [IP: ::1] OPTIONS /auth/me - 204 (0ms)
[2026-07-15T08:13:08.075Z] [IP: ::1] OPTIONS /auth/me - 204 (1ms)
[2026-07-15T08:13:08.079Z] [IP: ::1] GET /auth/me - 304 (3ms)
[2026-07-15T08:13:08.083Z] [IP: ::1] OPTIONS /credits/me - 204 (0ms)
[2026-07-15T08:13:08.084Z] [IP: ::1] GET /auth/me - 304 (4ms)
[2026-07-15T08:13:08.095Z] [IP: ::1] GET /credits/me - 200 (9ms)
[2026-07-15T08:13:08.102Z] [IP: ::1] GET /credits/me - 304 (6ms)
[2026-07-15T08:13:08.939Z] [IP: ::1] GET /auth/me - 304 (3ms)
[2026-07-15T08:13:08.944Z] [IP: ::1] GET /auth/me - 304 (4ms)
[2026-07-15T08:13:08.959Z] [IP: ::1] OPTIONS /users/ - 204 (0ms)
[2026-07-15T08:13:08.960Z] [IP: ::1] OPTIONS /booking/pendings - 204 (1ms)
[2026-07-15T08:13:08.961Z] [IP: ::1] OPTIONS /users/ - 204 (0ms)
[2026-07-15T08:13:08.962Z] [IP: ::1] OPTIONS /booking/pendings - 204 (0ms)
[2026-07-15T08:13:08.975Z] [IP: ::1] GET /booking/pendings - 304 (12ms)
[2026-07-15T08:13:08.980Z] [IP: ::1] GET /users/ - 304 (15ms)
[2026-07-15T08:13:09.000Z] [IP: ::1] GET /rooms - 304 (7ms)
[2026-07-15T08:13:09.006Z] [IP: ::1] GET /users/ - 304 (18ms)
[2026-07-15T08:13:09.007Z] [IP: ::1] GET /booking/pendings - 304 (21ms)
[2026-07-15T08:13:09.009Z] [IP: ::1] OPTIONS /users/103/booking - 204 (0ms)
[2026-07-15T08:13:09.027Z] [IP: ::1] GET /users/103/booking - 304 (8ms)
[2026-07-15T08:13:09.031Z] [IP: ::1] GET /rooms - 304 (8ms)
[2026-07-15T08:13:09.033Z] [IP: ::1] OPTIONS /booking/approved - 204 (0ms)
[2026-07-15T08:13:09.041Z] [IP: ::1] GET /users/103/booking - 304 (4ms)
[2026-07-15T08:13:09.042Z] [IP: ::1] GET /booking/approved - 304 (7ms)
[2026-07-15T08:13:09.050Z] [IP: ::1] GET /booking/approved - 304 (5ms)
[2026-07-15T08:15:41.691Z] [IP: ::1] OPTIONS /users/103/booking - 204 (3ms)
[2026-07-15T08:15:41.693Z] [IP: ::1] OPTIONS /users/103/booking - 204 (1ms)
[2026-07-15T08:15:41.722Z] [IP: ::1] GET /users/103/booking - 304 (28ms)
[2026-07-15T08:15:41.731Z] [IP: ::1] GET /users/103/booking - 304 (7ms)
[2026-07-15T08:16:05.988Z] [IP: ::1] OPTIONS /auth/me - 204 (1ms)
[2026-07-15T08:16:05.989Z] [IP: ::1] OPTIONS /auth/me - 204 (1ms)
[2026-07-15T08:16:05.998Z] [IP: ::1] GET /auth/me - 304 (8ms)
[2026-07-15T08:16:06.004Z] [IP: ::1] GET /auth/me - 304 (4ms)
[2026-07-15T08:16:06.018Z] [IP: ::1] OPTIONS /users/ - 204 (1ms)
[2026-07-15T08:16:06.020Z] [IP: ::1] OPTIONS /booking/pendings - 204 (1ms)
[2026-07-15T08:16:06.021Z] [IP: ::1] OPTIONS /booking/pendings - 204 (0ms)
[2026-07-15T08:16:06.022Z] [IP: ::1] OPTIONS /users/ - 204 (0ms)
[2026-07-15T08:16:06.040Z] [IP: ::1] GET /booking/pendings - 304 (16ms)
[2026-07-15T08:16:06.046Z] [IP: ::1] GET /users/ - 304 (19ms)
[2026-07-15T08:16:06.059Z] [IP: ::1] OPTIONS /rooms - 204 (1ms)
[2026-07-15T08:16:06.070Z] [IP: ::1] GET /users/ - 304 (17ms)
[2026-07-15T08:16:06.071Z] [IP: ::1] GET /booking/pendings - 304 (21ms)
[2026-07-15T08:16:06.077Z] [IP: ::1] GET /rooms - 304 (15ms)
[2026-07-15T08:16:06.082Z] [IP: ::1] GET /rooms - 304 (3ms)
[2026-07-15T08:16:06.085Z] [IP: ::1] OPTIONS /users/103/booking - 204 (1ms)
[2026-07-15T08:16:06.096Z] [IP: ::1] GET /users/103/booking - 304 (9ms)
[2026-07-15T08:16:06.100Z] [IP: ::1] OPTIONS /booking/approved - 204 (0ms)
[2026-07-15T08:16:06.102Z] [IP: ::1] GET /users/103/booking - 304 (6ms)
[2026-07-15T08:16:06.111Z] [IP: ::1] GET /booking/approved - 304 (8ms)
[2026-07-15T08:16:06.117Z] [IP: ::1] GET /booking/approved - 304 (5ms)
[2026-07-15T08:16:06.966Z] [IP: ::1] GET /users/103/booking - 304 (5ms)
[2026-07-15T08:16:06.972Z] [IP: ::1] GET /users/103/booking - 304 (5ms)
[2026-07-15T08:16:07.708Z] [IP: ::1] GET /rooms - 304 (4ms)
[2026-07-15T08:16:07.713Z] [IP: ::1] GET /rooms - 304 (4ms)
[2026-07-15T08:16:09.186Z] [IP: ::1] GET /rooms - 304 (5ms)
[2026-07-15T08:16:09.190Z] [IP: ::1] GET /rooms - 304 (3ms)
[2026-07-15T08:16:16.710Z] [IP: ::1] OPTIONS /schedules - 204 (1ms)
[2026-07-15T08:16:16.710Z] [IP: ::1] OPTIONS /rooms - 204 (0ms)
[2026-07-15T08:16:16.711Z] [IP: ::1] OPTIONS /schedules - 204 (0ms)
[2026-07-15T08:16:16.712Z] [IP: ::1] OPTIONS /rooms - 204 (1ms)
[2026-07-15T08:16:16.716Z] [IP: ::1] GET /rooms - 304 (4ms)
[2026-07-15T08:16:16.722Z] [IP: ::1] GET /schedules - 304 (9ms)
[2026-07-15T08:16:16.728Z] [IP: ::1] GET /rooms - 304 (4ms)
[2026-07-15T08:16:16.733Z] [IP: ::1] GET /schedules - 304 (7ms)
[2026-07-15T08:23:08.811Z] [IP: ::1] OPTIONS /users/103/booking - 204 (3ms)
[2026-07-15T08:23:08.813Z] [IP: ::1] OPTIONS /users/103/booking - 204 (0ms)
[2026-07-15T08:23:08.843Z] [IP: ::1] GET /users/103/booking - 304 (28ms)
[2026-07-15T08:23:08.852Z] [IP: ::1] GET /users/103/booking - 304 (7ms)
[2026-07-15T08:33:48.078Z] [IP: ::1] OPTIONS /auth/me - 204 (0ms)
[2026-07-15T08:33:48.082Z] [IP: ::1] OPTIONS /users/103/booking - 204 (0ms)
[2026-07-15T08:33:48.081Z] [IP: ::1] OPTIONS /users/103/booking - 204 (0ms)
[2026-07-15T08:33:48.084Z] [IP: ::1] OPTIONS /auth/me - 204 (0ms)
[2026-07-15T08:33:48.101Z] [IP: ::1] GET /users/103/booking - 304 (15ms)
[2026-07-15T08:33:48.105Z] [IP: ::1] GET /auth/me - 304 (15ms)
[2026-07-15T08:33:48.114Z] [IP: ::1] GET /users/103/booking - 304 (9ms)
[2026-07-15T08:33:48.119Z] [IP: ::1] GET /auth/me - 304 (10ms)
[2026-07-15T08:46:43.396Z] [IP: ::1] OPTIONS /auth/me - 204 (7ms)
[2026-07-15T08:46:43.459Z] [IP: ::1] GET /auth/me - 403 (61ms)
[2026-07-15T08:46:43.474Z] [IP: ::1] GET /users/103/booking - 403 (3ms)
[2026-07-15T08:46:43.469Z] [IP: ::1] OPTIONS /users/103/booking - 204 (5ms)
[2026-07-15T08:46:43.476Z] [IP: ::1] OPTIONS /auth/me - 204 (1ms)
[2026-07-15T08:46:43.487Z] [IP: ::1] GET /auth/me - 403 (7ms)
[2026-07-15T08:46:43.490Z] [IP: ::1] OPTIONS /users/103/booking - 204 (2ms)
[2026-07-15T08:46:43.493Z] [IP: ::1] GET /users/103/booking - 403 (3ms)
[2026-07-15T08:46:43.761Z] [IP: ::1] OPTIONS /user/103/booking - 204 (15ms)
[2026-07-15T08:46:43.773Z] [IP: ::1] GET /user/103/booking - 404 (4ms)
[2026-07-15T08:46:43.777Z] [IP: ::1] OPTIONS /user/103/booking - 204 (3ms)
[2026-07-15T08:46:43.779Z] [IP: ::1] GET /user/103/booking - 404 (1ms)
[2026-07-15T08:46:43.781Z] [IP: ::1] OPTIONS /bookings - 204 (1ms)
[2026-07-15T08:46:43.783Z] [IP: ::1] GET /bookings - 404 (1ms)
[2026-07-15T08:46:43.787Z] [IP: ::1] GET /bookings - 404 (1ms)
[2026-07-15T08:46:43.792Z] [IP: ::1] OPTIONS /booking - 204 (3ms)
[2026-07-15T08:46:43.796Z] [IP: ::1] GET /booking - 403 (3ms)
[2026-07-15T08:46:43.804Z] [IP: ::1] GET /booking - 403 (7ms)
[2026-07-16T05:35:38.261Z] [IP: ::1] OPTIONS /auth/me - 204 (7ms)
[2026-07-16T05:35:38.263Z] [IP: ::1] OPTIONS /auth/me - 204 (1ms)
[2026-07-16T05:35:38.277Z] [IP: ::1] GET /auth/me - 403 (13ms)
[2026-07-16T05:35:38.281Z] [IP: ::1] GET /auth/me - 403 (2ms)
[2026-07-16T05:35:42.915Z] [IP: ::1] OPTIONS /auth/login - 204 (1ms)
[2026-07-16T05:35:43.032Z] [IP: ::1] POST /auth/login - 200 (116ms)
[2026-07-16T05:35:43.066Z] [IP: ::1] OPTIONS /schedules - 204 (1ms)
[2026-07-16T05:35:43.068Z] [IP: ::1] GET /auth/me - 200 (6ms)
[2026-07-16T05:35:43.072Z] [IP: ::1] OPTIONS /rooms - 204 (2ms)
[2026-07-16T05:35:43.083Z] [IP: ::1] OPTIONS /schedules - 204 (1ms)
[2026-07-16T05:35:43.089Z] [IP: ::1] GET /auth/me - 304 (16ms)
[2026-07-16T05:35:43.090Z] [IP: ::1] OPTIONS /rooms - 204 (0ms)
[2026-07-16T05:35:43.101Z] [IP: ::1] GET /schedules - 304 (24ms)
[2026-07-16T05:35:43.106Z] [IP: ::1] GET /rooms - 304 (21ms)
[2026-07-16T05:35:43.115Z] [IP: ::1] GET /schedules - 304 (8ms)
[2026-07-16T05:35:43.122Z] [IP: ::1] GET /rooms - 304 (7ms)
[2026-07-16T05:35:44.908Z] [IP: ::1] OPTIONS /users/103/booking - 204 (0ms)
[2026-07-16T05:35:44.909Z] [IP: ::1] OPTIONS /users/103/booking - 204 (0ms)
[2026-07-16T05:35:44.920Z] [IP: ::1] GET /users/103/booking - 200 (10ms)
[2026-07-16T05:35:44.928Z] [IP: ::1] GET /users/103/booking - 304 (6ms)
[2026-07-16T05:35:45.402Z] [IP: ::1] GET /rooms - 304 (3ms)
[2026-07-16T05:35:45.407Z] [IP: ::1] GET /rooms - 304 (4ms)
[2026-07-16T05:35:46.502Z] [IP: ::1] OPTIONS /auth/me - 204 (0ms)
[2026-07-16T05:35:46.503Z] [IP: ::1] OPTIONS /auth/me - 204 (0ms)
[2026-07-16T05:35:46.509Z] [IP: ::1] GET /auth/me - 304 (5ms)
[2026-07-16T05:35:46.514Z] [IP: ::1] GET /auth/me - 304 (4ms)
[2026-07-16T05:35:46.544Z] [IP: ::1] OPTIONS /users/ - 204 (0ms)
[2026-07-16T05:35:46.545Z] [IP: ::1] OPTIONS /booking/pendings - 204 (0ms)
[2026-07-16T05:35:46.546Z] [IP: ::1] OPTIONS /users/ - 204 (0ms)
[2026-07-16T05:35:46.547Z] [IP: ::1] OPTIONS /booking/pendings - 204 (0ms)
[2026-07-16T05:35:46.565Z] [IP: ::1] GET /users/ - 304 (17ms)
[2026-07-16T05:35:46.566Z] [IP: ::1] GET /booking/pendings - 304 (15ms)
[2026-07-16T05:35:46.584Z] [IP: ::1] GET /users/ - 304 (17ms)
[2026-07-16T05:35:46.588Z] [IP: ::1] GET /rooms - 304 (12ms)
[2026-07-16T05:35:46.590Z] [IP: ::1] GET /booking/pendings - 304 (17ms)
[2026-07-16T05:35:46.596Z] [IP: ::1] GET /rooms - 304 (5ms)
[2026-07-16T05:35:46.602Z] [IP: ::1] GET /users/103/booking - 304 (5ms)
[2026-07-16T05:35:46.608Z] [IP: ::1] OPTIONS /booking/approved - 204 (0ms)
[2026-07-16T05:35:46.610Z] [IP: ::1] GET /users/103/booking - 304 (5ms)
[2026-07-16T05:35:46.616Z] [IP: ::1] GET /booking/approved - 304 (5ms)
[2026-07-16T05:35:46.624Z] [IP: ::1] GET /booking/approved - 304 (7ms)
[2026-07-16T05:35:47.768Z] [IP: ::1] GET /auth/me - 304 (3ms)
[2026-07-16T05:35:47.776Z] [IP: ::1] GET /auth/me - 304 (7ms)
[2026-07-16T05:35:47.799Z] [IP: ::1] GET /users/ - 304 (14ms)
[2026-07-16T05:35:47.800Z] [IP: ::1] GET /booking/pendings - 304 (10ms)
[2026-07-16T05:35:47.816Z] [IP: ::1] GET /users/ - 304 (14ms)
[2026-07-16T05:35:47.818Z] [IP: ::1] GET /rooms - 304 (9ms)
[2026-07-16T05:35:47.821Z] [IP: ::1] GET /booking/pendings - 304 (15ms)
[2026-07-16T05:35:47.829Z] [IP: ::1] GET /rooms - 304 (5ms)
[2026-07-16T05:35:47.831Z] [IP: ::1] GET /users/103/booking - 304 (6ms)
[2026-07-16T05:35:47.840Z] [IP: ::1] GET /users/103/booking - 304 (6ms)
[2026-07-16T05:35:47.843Z] [IP: ::1] GET /booking/approved - 304 (6ms)
[2026-07-16T05:35:47.849Z] [IP: ::1] GET /booking/approved - 304 (4ms)
[2026-07-16T05:35:51.670Z] [IP: ::1] OPTIONS /users/ - 204 (1ms)
[2026-07-16T05:35:51.670Z] [IP: ::1] OPTIONS /users/ - 204 (0ms)
[2026-07-16T05:35:51.679Z] [IP: ::1] GET /users/ - 304 (7ms)
[2026-07-16T05:35:51.687Z] [IP: ::1] GET /users/ - 304 (7ms)
[2026-07-16T05:35:53.174Z] [IP: ::1] OPTIONS /rooms - 204 (0ms)
[2026-07-16T05:35:53.179Z] [IP: ::1] OPTIONS /rooms - 204 (1ms)
[2026-07-16T05:35:53.182Z] [IP: ::1] GET /rooms - 304 (5ms)
[2026-07-16T05:35:53.194Z] [IP: ::1] GET /rooms - 304 (7ms)
[2026-07-16T05:35:53.982Z] [IP: ::1] OPTIONS /users/103/booking - 204 (1ms)
[2026-07-16T05:35:53.982Z] [IP: ::1] OPTIONS /users/103/booking - 204 (0ms)
[2026-07-16T05:35:53.989Z] [IP: ::1] GET /users/103/booking - 304 (6ms)
[2026-07-16T05:35:53.995Z] [IP: ::1] GET /users/103/booking - 304 (5ms)
[2026-07-16T05:35:57.155Z] [IP: ::1] GET /rooms - 304 (4ms)
[2026-07-16T05:35:57.161Z] [IP: ::1] GET /rooms - 304 (3ms)
[2026-07-16T05:35:58.101Z] [IP: ::1] GET /rooms - 304 (3ms)
[2026-07-16T05:35:58.105Z] [IP: ::1] GET /rooms - 304 (3ms)
[2026-07-16T05:41:48.146Z] [IP: ::ffff:127.0.0.1] POST /auth/login - 200 (82ms)
[2026-07-16T05:42:02.102Z] [IP: ::ffff:127.0.0.1] GET /auth/me - 200 (6ms)
[2026-07-16T05:43:07.479Z] [IP: ::1] OPTIONS /auth/me - 204 (0ms)
[2026-07-16T05:43:07.483Z] [IP: ::1] OPTIONS /auth/me - 204 (0ms)
[2026-07-16T05:43:07.486Z] [IP: ::1] OPTIONS /rooms - 204 (1ms)
[2026-07-16T05:43:07.491Z] [IP: ::1] OPTIONS /rooms - 204 (1ms)
[2026-07-16T05:43:07.501Z] [IP: ::1] GET /auth/me - 304 (14ms)
[2026-07-16T05:43:07.503Z] [IP: ::1] GET /rooms - 304 (12ms)
[2026-07-16T05:43:07.509Z] [IP: ::1] GET /auth/me - 304 (6ms)
[2026-07-16T05:43:07.511Z] [IP: ::1] GET /rooms - 304 (4ms)
[2026-07-16T05:43:07.516Z] [IP: ::1] GET /auth/me - 304 (3ms)
[2026-07-16T05:43:07.521Z] [IP: ::1] GET /auth/me - 304 (3ms)
[2026-07-16T05:48:48.855Z] [IP: ::1] OPTIONS /auth/me - 204 (0ms)
[2026-07-16T05:48:48.856Z] [IP: ::1] OPTIONS /auth/me - 204 (0ms)
[2026-07-16T05:48:48.858Z] [IP: ::1] OPTIONS /rooms - 204 (0ms)
[2026-07-16T05:48:48.858Z] [IP: ::1] OPTIONS /auth/me - 204 (0ms)
[2026-07-16T05:48:48.873Z] [IP: ::1] GET /auth/me - 304 (14ms)
[2026-07-16T05:48:48.876Z] [IP: ::1] GET /rooms - 304 (12ms)
[2026-07-16T05:48:48.882Z] [IP: ::1] GET /auth/me - 304 (5ms)
[2026-07-16T05:48:48.887Z] [IP: ::1] GET /rooms - 304 (6ms)
[2026-07-16T05:48:48.892Z] [IP: ::1] GET /auth/me - 304 (4ms)
[2026-07-16T05:48:48.898Z] [IP: ::1] GET /auth/me - 304 (4ms)
[2026-07-16T05:49:45.248Z] [IP: ::1] OPTIONS /auth/me - 204 (1ms)
[2026-07-16T05:49:45.249Z] [IP: ::1] OPTIONS /auth/me - 204 (0ms)
[2026-07-16T05:49:45.250Z] [IP: ::1] OPTIONS /rooms - 204 (0ms)
[2026-07-16T05:49:45.266Z] [IP: ::1] GET /auth/me - 304 (16ms)
[2026-07-16T05:49:45.268Z] [IP: ::1] GET /rooms - 304 (12ms)
[2026-07-16T05:49:45.278Z] [IP: ::1] GET /auth/me - 304 (9ms)
[2026-07-16T05:49:45.289Z] [IP: ::1] GET /rooms - 304 (16ms)
[2026-07-16T05:49:45.297Z] [IP: ::1] GET /auth/me - 304 (7ms)
[2026-07-16T05:49:45.302Z] [IP: ::1] GET /auth/me - 304 (3ms)
[2026-07-16T05:50:27.864Z] [IP: ::1] OPTIONS /auth/me - 204 (0ms)
[2026-07-16T05:50:27.866Z] [IP: ::1] OPTIONS /auth/me - 204 (1ms)
[2026-07-16T05:50:27.866Z] [IP: ::1] OPTIONS /rooms - 204 (0ms)
[2026-07-16T05:50:27.885Z] [IP: ::1] GET /auth/me - 304 (19ms)
[2026-07-16T05:50:27.888Z] [IP: ::1] GET /rooms - 304 (15ms)
[2026-07-16T05:50:27.899Z] [IP: ::1] GET /auth/me - 304 (9ms)
[2026-07-16T05:50:27.902Z] [IP: ::1] GET /rooms - 304 (9ms)
[2026-07-16T05:50:27.911Z] [IP: ::1] GET /auth/me - 304 (7ms)
[2026-07-16T05:50:27.921Z] [IP: ::1] GET /auth/me - 304 (8ms)
[2026-07-16T05:50:29.870Z] [IP: ::1] GET /auth/me - 304 (5ms)
[2026-07-16T05:50:29.876Z] [IP: ::1] GET /rooms - 304 (8ms)
[2026-07-16T05:50:29.884Z] [IP: ::1] GET /auth/me - 304 (6ms)
[2026-07-16T05:50:29.888Z] [IP: ::1] GET /rooms - 304 (7ms)
[2026-07-16T05:50:29.900Z] [IP: ::1] GET /auth/me - 304 (10ms)
[2026-07-16T05:50:29.906Z] [IP: ::1] GET /auth/me - 304 (5ms)
[2026-07-16T05:50:44.614Z] [IP: ::1] OPTIONS /users/103/booking - 204 (1ms)
[2026-07-16T05:50:44.614Z] [IP: ::1] OPTIONS /users/103/booking - 204 (0ms)
[2026-07-16T05:50:44.624Z] [IP: ::1] GET /users/103/booking - 304 (9ms)
[2026-07-16T05:50:44.631Z] [IP: ::1] GET /users/103/booking - 304 (5ms)
[2026-07-16T05:50:46.136Z] [IP: ::1] OPTIONS /rooms - 204 (1ms)
[2026-07-16T05:50:46.137Z] [IP: ::1] OPTIONS /rooms - 204 (1ms)
[2026-07-16T05:50:46.141Z] [IP: ::1] GET /rooms - 304 (3ms)
[2026-07-16T05:50:46.149Z] [IP: ::1] GET /rooms - 304 (6ms)
[2026-07-16T05:51:55.066Z] [IP: ::1] OPTIONS /auth/me - 204 (0ms)
[2026-07-16T05:51:55.066Z] [IP: ::1] OPTIONS /auth/me - 204 (0ms)
[2026-07-16T05:51:55.074Z] [IP: ::1] GET /auth/me - 304 (7ms)
[2026-07-16T05:51:55.079Z] [IP: ::1] GET /auth/me - 304 (4ms)
[2026-07-16T05:51:55.101Z] [IP: ::1] OPTIONS /users/ - 204 (2ms)
[2026-07-16T05:51:55.102Z] [IP: ::1] OPTIONS /booking/pendings - 204 (0ms)
[2026-07-16T05:51:55.104Z] [IP: ::1] OPTIONS /users/ - 204 (1ms)
[2026-07-16T05:51:55.105Z] [IP: ::1] OPTIONS /booking/pendings - 204 (0ms)
[2026-07-16T05:51:55.124Z] [IP: ::1] GET /users/ - 304 (18ms)
[2026-07-16T05:51:55.129Z] [IP: ::1] GET /booking/pendings - 304 (18ms)
[2026-07-16T05:51:55.144Z] [IP: ::1] GET /users/ - 304 (13ms)
[2026-07-16T05:51:55.148Z] [IP: ::1] OPTIONS /rooms - 204 (0ms)
[2026-07-16T05:51:55.149Z] [IP: ::1] GET /booking/pendings - 304 (14ms)
[2026-07-16T05:51:55.154Z] [IP: ::1] GET /rooms - 304 (3ms)
[2026-07-16T05:51:55.158Z] [IP: ::1] GET /rooms - 304 (3ms)
[2026-07-16T05:51:55.164Z] [IP: ::1] OPTIONS /users/103/booking - 204 (1ms)
[2026-07-16T05:51:55.170Z] [IP: ::1] GET /users/103/booking - 304 (5ms)
[2026-07-16T05:51:55.174Z] [IP: ::1] OPTIONS /booking/approved - 204 (0ms)
[2026-07-16T05:51:55.175Z] [IP: ::1] GET /users/103/booking - 304 (4ms)
[2026-07-16T05:51:55.184Z] [IP: ::1] GET /booking/approved - 304 (5ms)
[2026-07-16T05:51:55.190Z] [IP: ::1] GET /booking/approved - 304 (5ms)
[2026-07-16T05:51:55.415Z] [IP: ::1] GET /users/103/booking - 304 (4ms)
[2026-07-16T05:51:55.421Z] [IP: ::1] GET /users/103/booking - 304 (5ms)
[2026-07-16T05:51:56.915Z] [IP: ::1] GET /rooms - 304 (4ms)
[2026-07-16T05:51:56.919Z] [IP: ::1] GET /rooms - 304 (3ms)
[2026-07-16T05:51:58.514Z] [IP: ::1] OPTIONS /schedules - 204 (0ms)
[2026-07-16T05:51:58.514Z] [IP: ::1] OPTIONS /schedules - 204 (1ms)
[2026-07-16T05:51:58.518Z] [IP: ::1] GET /rooms - 304 (3ms)
[2026-07-16T05:51:58.527Z] [IP: ::1] GET /schedules - 304 (9ms)
[2026-07-16T05:51:58.529Z] [IP: ::1] GET /rooms - 304 (8ms)
[2026-07-16T05:51:58.535Z] [IP: ::1] GET /schedules - 304 (5ms)
[2026-07-16T05:52:01.616Z] [IP: ::1] OPTIONS /rooms - 204 (0ms)
[2026-07-16T05:52:01.618Z] [IP: ::1] OPTIONS /rooms - 204 (0ms)
[2026-07-16T05:52:01.622Z] [IP: ::1] GET /schedules - 304 (6ms)
[2026-07-16T05:52:01.624Z] [IP: ::1] GET /rooms - 304 (6ms)
[2026-07-16T05:52:01.631Z] [IP: ::1] GET /schedules - 304 (6ms)
[2026-07-16T05:52:01.632Z] [IP: ::1] GET /rooms - 304 (5ms)
[2026-07-16T05:57:39.294Z] [IP: ::1] OPTIONS /auth/me - 204 (0ms)
[2026-07-16T05:57:39.296Z] [IP: ::1] OPTIONS /schedules - 204 (1ms)
[2026-07-16T05:57:39.297Z] [IP: ::1] OPTIONS /auth/me - 204 (1ms)
[2026-07-16T05:57:39.298Z] [IP: ::1] OPTIONS /rooms - 204 (1ms)
[2026-07-16T05:57:39.315Z] [IP: ::1] OPTIONS /schedules - 204 (1ms)
[2026-07-16T05:57:39.336Z] [IP: ::1] OPTIONS /rooms - 204 (1ms)
[2026-07-16T05:57:39.345Z] [IP: ::1] GET /auth/me - 304 (43ms)
[2026-07-16T05:57:39.347Z] [IP: ::1] GET /rooms - 304 (16ms)
[2026-07-16T05:57:39.357Z] [IP: ::1] GET /schedules - 304 (35ms)
[2026-07-16T05:57:39.370Z] [IP: ::1] GET /rooms - 304 (6ms)
[2026-07-16T05:57:39.368Z] [IP: ::1] GET /auth/me - 304 (9ms)
[2026-07-16T05:57:39.377Z] [IP: ::1] GET /schedules - 304 (11ms)
[2026-07-16T06:10:49.420Z] [IP: ::ffff:127.0.0.1] GET /auth/me - 200 (16ms)
[2026-07-16T06:13:05.439Z] [IP: ::1] OPTIONS /auth/me - 204 (3ms)
[2026-07-16T06:13:05.442Z] [IP: ::1] OPTIONS /schedules - 204 (1ms)
[2026-07-16T06:13:05.444Z] [IP: ::1] OPTIONS /auth/me - 204 (0ms)
[2026-07-16T06:13:05.446Z] [IP: ::1] OPTIONS /rooms - 204 (1ms)
[2026-07-16T06:13:05.451Z] [IP: ::1] OPTIONS /schedules - 204 (2ms)
[2026-07-16T06:13:05.477Z] [IP: ::1] OPTIONS /rooms - 204 (0ms)
[2026-07-16T06:13:05.486Z] [IP: ::1] GET /auth/me - 200 (33ms)
[2026-07-16T06:13:05.499Z] [IP: ::1] GET /rooms - 304 (37ms)
[2026-07-16T06:13:05.512Z] [IP: ::1] GET /schedules - 304 (40ms)
[2026-07-16T06:13:05.520Z] [IP: ::1] GET /auth/me - 304 (7ms)
[2026-07-16T06:13:05.524Z] [IP: ::1] GET /rooms - 304 (8ms)
[2026-07-16T06:13:05.530Z] [IP: ::1] GET /schedules - 304 (9ms)
[2026-07-16T07:02:03.896Z] [IP: ::1] OPTIONS /auth/me - 204 (2ms)
[2026-07-16T07:02:03.900Z] [IP: ::1] OPTIONS /schedules - 204 (1ms)
[2026-07-16T07:02:03.905Z] [IP: ::1] OPTIONS /rooms - 204 (2ms)
[2026-07-16T07:02:03.919Z] [IP: ::1] GET /auth/me - 403 (11ms)
[2026-07-16T07:02:03.940Z] [IP: ::1] OPTIONS /auth/me - 204 (5ms)
[2026-07-16T07:02:03.999Z] [IP: ::1] GET /auth/me - 403 (57ms)
[2026-07-16T07:02:04.049Z] [IP: ::1] OPTIONS /rooms - 204 (2ms)
[2026-07-16T07:02:04.044Z] [IP: ::1] OPTIONS /schedules - 204 (0ms)
[2026-07-16T07:02:04.145Z] [IP: ::1] GET /schedules - 304 (223ms)
[2026-07-16T07:02:04.160Z] [IP: ::1] GET /rooms - 304 (151ms)
[2026-07-16T07:02:04.206Z] [IP: ::1] GET /schedules - 304 (41ms)
[2026-07-16T07:02:04.212Z] [IP: ::1] GET /rooms - 304 (39ms)
[2026-07-16T07:02:33.078Z] [IP: ::1] OPTIONS /auth/me - 204 (3ms)
[2026-07-16T07:02:33.094Z] [IP: ::1] GET /auth/me - 403 (14ms)
[2026-07-16T07:02:33.107Z] [IP: ::1] GET /auth/me - 403 (8ms)
[2026-07-16T07:02:33.112Z] [IP: ::1] OPTIONS /schedules - 204 (1ms)
[2026-07-16T07:02:33.115Z] [IP: ::1] OPTIONS /rooms - 204 (0ms)
[2026-07-16T07:02:33.124Z] [IP: ::1] OPTIONS /schedules - 204 (1ms)
[2026-07-16T07:02:33.137Z] [IP: ::1] OPTIONS /rooms - 204 (1ms)
[2026-07-16T07:02:33.164Z] [IP: ::1] GET /schedules - 304 (46ms)
[2026-07-16T07:02:33.172Z] [IP: ::1] GET /rooms - 304 (46ms)
[2026-07-16T07:02:33.199Z] [IP: ::1] GET /schedules - 304 (25ms)
[2026-07-16T07:02:33.212Z] [IP: ::1] GET /rooms - 304 (35ms)
[2026-07-16T07:27:40.438Z] [IP: ::1] OPTIONS /auth/me - 204 (0ms)
[2026-07-16T07:27:40.439Z] [IP: ::1] OPTIONS /schedules - 204 (0ms)
[2026-07-16T07:27:40.443Z] [IP: ::1] GET /auth/me - 403 (3ms)
[2026-07-16T07:27:40.444Z] [IP: ::1] OPTIONS /rooms - 204 (0ms)
[2026-07-16T07:27:40.448Z] [IP: ::1] GET /auth/me - 403 (3ms)
[2026-07-16T07:27:40.452Z] [IP: ::1] OPTIONS /rooms - 204 (0ms)
[2026-07-16T07:27:40.460Z] [IP: ::1] GET /rooms - 304 (7ms)
[2026-07-16T07:27:40.464Z] [IP: ::1] GET /schedules - 304 (15ms)
[2026-07-16T07:27:40.468Z] [IP: ::1] GET /rooms - 304 (3ms)
[2026-07-16T07:27:40.472Z] [IP: ::1] GET /schedules - 304 (6ms)
[2026-07-16T07:33:30.449Z] [IP: ::1] OPTIONS /auth/me - 204 (0ms)
[2026-07-16T07:33:30.450Z] [IP: ::1] OPTIONS /auth/me - 204 (1ms)
[2026-07-16T07:33:30.453Z] [IP: ::1] GET /auth/me - 403 (3ms)
[2026-07-16T07:33:30.455Z] [IP: ::1] GET /auth/me - 403 (1ms)
[2026-07-16T07:33:36.049Z] [IP: ::1] OPTIONS /auth/login - 204 (0ms)
[2026-07-16T07:33:36.151Z] [IP: ::1] POST /auth/login - 200 (101ms)
[2026-07-16T07:33:36.185Z] [IP: ::1] OPTIONS /auth/me - 204 (0ms)
[2026-07-16T07:33:36.186Z] [IP: ::1] OPTIONS /schedules - 204 (1ms)
[2026-07-16T07:33:36.188Z] [IP: ::1] OPTIONS /auth/me - 204 (1ms)
[2026-07-16T07:33:36.187Z] [IP: ::1] OPTIONS /rooms - 204 (0ms)
[2026-07-16T07:33:36.189Z] [IP: ::1] OPTIONS /schedules - 204 (1ms)
[2026-07-16T07:33:36.192Z] [IP: ::1] OPTIONS /rooms - 204 (0ms)
[2026-07-16T07:33:36.200Z] [IP: ::1] GET /auth/me - 200 (11ms)
[2026-07-16T07:33:36.205Z] [IP: ::1] GET /schedules - 304 (12ms)
[2026-07-16T07:33:36.209Z] [IP: ::1] GET /rooms - 304 (14ms)
[2026-07-16T07:33:36.213Z] [IP: ::1] GET /auth/me - 304 (4ms)
[2026-07-16T07:33:36.223Z] [IP: ::1] GET /schedules - 304 (8ms)
[2026-07-16T07:33:36.225Z] [IP: ::1] GET /rooms - 304 (8ms)
[2026-07-16T07:33:37.702Z] [IP: ::1] OPTIONS /users/103/booking - 204 (1ms)
[2026-07-16T07:33:37.701Z] [IP: ::1] OPTIONS /users/103/booking - 204 (1ms)
[2026-07-16T07:33:37.711Z] [IP: ::1] GET /users/103/booking - 304 (7ms)
[2026-07-16T07:33:37.717Z] [IP: ::1] GET /users/103/booking - 304 (5ms)
[2026-07-16T07:33:40.068Z] [IP: ::1] GET /rooms - 304 (3ms)
[2026-07-16T07:33:40.073Z] [IP: ::1] GET /rooms - 304 (4ms)
[2026-07-16T07:33:45.819Z] [IP: ::1] OPTIONS /schedules - 204 (1ms)
[2026-07-16T07:33:45.820Z] [IP: ::1] OPTIONS /rooms - 204 (1ms)
[2026-07-16T07:33:45.821Z] [IP: ::1] OPTIONS /rooms - 204 (1ms)
[2026-07-16T07:33:45.821Z] [IP: ::1] OPTIONS /schedules - 204 (0ms)
[2026-07-16T07:33:45.826Z] [IP: ::1] GET /rooms - 304 (4ms)
[2026-07-16T07:33:45.832Z] [IP: ::1] GET /schedules - 304 (8ms)
[2026-07-16T07:33:45.838Z] [IP: ::1] GET /rooms - 304 (5ms)
[2026-07-16T07:33:45.843Z] [IP: ::1] GET /schedules - 304 (9ms)
[2026-07-16T07:33:58.303Z] [IP: ::1] OPTIONS /schedules - 204 (0ms)
[2026-07-16T07:33:58.304Z] [IP: ::1] OPTIONS /rooms - 204 (0ms)
[2026-07-16T07:33:58.305Z] [IP: ::1] OPTIONS /schedules - 204 (1ms)
[2026-07-16T07:33:58.305Z] [IP: ::1] OPTIONS /rooms - 204 (0ms)
[2026-07-16T07:33:58.315Z] [IP: ::1] GET /schedules - 304 (9ms)
[2026-07-16T07:33:58.318Z] [IP: ::1] GET /rooms - 304 (11ms)
[2026-07-16T07:33:58.324Z] [IP: ::1] GET /schedules - 304 (6ms)
[2026-07-16T07:33:58.326Z] [IP: ::1] GET /rooms - 304 (7ms)
[2026-07-16T07:34:00.894Z] [IP: ::1] GET /rooms - 304 (3ms)
[2026-07-16T07:34:00.897Z] [IP: ::1] GET /rooms - 304 (2ms)
[2026-07-16T07:34:02.946Z] [IP: ::1] OPTIONS /users/103/booking - 204 (0ms)
[2026-07-16T07:34:02.947Z] [IP: ::1] OPTIONS /users/103/booking - 204 (0ms)
[2026-07-16T07:34:02.952Z] [IP: ::1] GET /users/103/booking - 304 (4ms)
[2026-07-16T07:34:02.958Z] [IP: ::1] GET /users/103/booking - 304 (4ms)
[2026-07-16T07:34:08.576Z] [IP: ::1] OPTIONS /rooms - 204 (0ms)
[2026-07-16T07:34:08.577Z] [IP: ::1] OPTIONS /rooms - 204 (0ms)
[2026-07-16T07:34:08.581Z] [IP: ::1] GET /rooms - 304 (3ms)
[2026-07-16T07:34:08.585Z] [IP: ::1] GET /rooms - 304 (3ms)
[2026-07-16T07:34:19.071Z] [IP: ::1] OPTIONS /auth/me - 204 (0ms)
[2026-07-16T07:34:19.074Z] [IP: ::1] OPTIONS /auth/me - 204 (0ms)
[2026-07-16T07:34:19.078Z] [IP: ::1] GET /auth/me - 304 (4ms)
[2026-07-16T07:34:19.083Z] [IP: ::1] GET /auth/me - 304 (5ms)
[2026-07-16T07:34:19.100Z] [IP: ::1] OPTIONS /users/ - 204 (1ms)
[2026-07-16T07:34:19.101Z] [IP: ::1] OPTIONS /booking/pendings - 204 (0ms)
[2026-07-16T07:34:19.102Z] [IP: ::1] OPTIONS /booking/pendings - 204 (0ms)
[2026-07-16T07:34:19.122Z] [IP: ::1] GET /booking/pendings - 304 (17ms)
[2026-07-16T07:34:19.119Z] [IP: ::1] GET /users/ - 304 (16ms)
[2026-07-16T07:34:19.133Z] [IP: ::1] OPTIONS /rooms - 204 (0ms)
[2026-07-16T07:34:19.134Z] [IP: ::1] GET /booking/pendings - 304 (8ms)
[2026-07-16T07:34:19.138Z] [IP: ::1] GET /users/ - 304 (15ms)
[2026-07-16T07:34:19.142Z] [IP: ::1] GET /rooms - 304 (3ms)
[2026-07-16T07:34:19.146Z] [IP: ::1] GET /rooms - 304 (3ms)
[2026-07-16T07:34:19.147Z] [IP: ::1] OPTIONS /users/103/booking - 204 (0ms)
[2026-07-16T07:34:19.153Z] [IP: ::1] GET /users/103/booking - 304 (4ms)
[2026-07-16T07:34:19.157Z] [IP: ::1] OPTIONS /booking/approved - 204 (0ms)
[2026-07-16T07:34:19.159Z] [IP: ::1] GET /users/103/booking - 304 (5ms)
[2026-07-16T07:34:19.167Z] [IP: ::1] GET /booking/approved - 304 (5ms)
[2026-07-16T07:34:19.174Z] [IP: ::1] GET /booking/approved - 304 (6ms)
[2026-07-16T07:34:20.697Z] [IP: ::1] GET /users/103/booking - 304 (5ms)
[2026-07-16T07:34:20.705Z] [IP: ::1] GET /users/103/booking - 304 (6ms)
[2026-07-16T07:34:24.342Z] [IP: ::1] OPTIONS /auth/me - 204 (0ms)
[2026-07-16T07:34:24.343Z] [IP: ::1] OPTIONS /auth/me - 204 (1ms)
[2026-07-16T07:34:24.346Z] [IP: ::1] GET /auth/me - 304 (3ms)
[2026-07-16T07:34:24.352Z] [IP: ::1] OPTIONS /credits/me - 204 (1ms)
[2026-07-16T07:34:24.354Z] [IP: ::1] GET /auth/me - 304 (7ms)
[2026-07-16T07:34:24.365Z] [IP: ::1] GET /credits/me - 304 (9ms)
[2026-07-16T07:34:24.372Z] [IP: ::1] GET /credits/me - 304 (6ms)
[2026-07-16T07:34:40.445Z] [IP: ::1] OPTIONS /users/103/booking - 204 (1ms)
[2026-07-16T07:34:40.445Z] [IP: ::1] OPTIONS /users/103/booking - 204 (0ms)
[2026-07-16T07:34:40.452Z] [IP: ::1] GET /users/103/booking - 304 (6ms)
[2026-07-16T07:34:40.457Z] [IP: ::1] GET /users/103/booking - 304 (4ms)
[2026-07-16T07:34:43.260Z] [IP: ::1] OPTIONS /rooms - 204 (0ms)
[2026-07-16T07:34:43.261Z] [IP: ::1] OPTIONS /rooms - 204 (0ms)
[2026-07-16T07:34:43.266Z] [IP: ::1] GET /rooms - 304 (4ms)
[2026-07-16T07:34:43.271Z] [IP: ::1] GET /rooms - 304 (3ms)
[2026-07-16T07:34:47.263Z] [IP: ::1] OPTIONS /auth/me - 204 (1ms)
[2026-07-16T07:34:47.263Z] [IP: ::1] OPTIONS /auth/me - 204 (0ms)
[2026-07-16T07:34:47.269Z] [IP: ::1] GET /rooms - 304 (5ms)
[2026-07-16T07:34:47.270Z] [IP: ::1] GET /auth/me - 304 (4ms)
[2026-07-16T07:34:47.278Z] [IP: ::1] GET /rooms - 304 (6ms)
[2026-07-16T07:34:47.280Z] [IP: ::1] GET /auth/me - 304 (7ms)
[2026-07-16T07:35:32.143Z] [IP: ::1] OPTIONS /users/103/booking - 204 (0ms)
[2026-07-16T07:35:32.144Z] [IP: ::1] OPTIONS /users/103/booking - 204 (1ms)
[2026-07-16T07:35:32.152Z] [IP: ::1] GET /users/103/booking - 304 (8ms)
[2026-07-16T07:35:32.160Z] [IP: ::1] GET /users/103/booking - 304 (6ms)
[2026-07-16T07:35:35.242Z] [IP: ::1] OPTIONS /rooms - 204 (0ms)
[2026-07-16T07:35:35.243Z] [IP: ::1] OPTIONS /rooms - 204 (0ms)
[2026-07-16T07:35:35.248Z] [IP: ::1] GET /rooms - 304 (4ms)
[2026-07-16T07:35:35.252Z] [IP: ::1] GET /rooms - 304 (2ms)
[2026-07-16T07:35:43.356Z] [IP: ::1] OPTIONS /auth/me - 204 (0ms)
[2026-07-16T07:35:43.357Z] [IP: ::1] OPTIONS /rooms - 204 (0ms)
[2026-07-16T07:35:43.358Z] [IP: ::1] OPTIONS /auth/me - 204 (1ms)
[2026-07-16T07:35:43.358Z] [IP: ::1] OPTIONS /rooms - 204 (0ms)
[2026-07-16T07:35:43.363Z] [IP: ::1] GET /auth/me - 304 (5ms)
[2026-07-16T07:35:43.366Z] [IP: ::1] GET /rooms - 304 (5ms)
[2026-07-16T07:35:43.377Z] [IP: ::1] GET /rooms - 304 (7ms)
[2026-07-16T07:35:43.372Z] [IP: ::1] GET /auth/me - 304 (5ms)
[2026-07-16T07:35:52.083Z] [IP: ::1] OPTIONS /users/103/booking - 204 (0ms)
[2026-07-16T07:35:52.083Z] [IP: ::1] OPTIONS /users/103/booking - 204 (0ms)
[2026-07-16T07:35:52.088Z] [IP: ::1] GET /users/103/booking - 304 (3ms)
[2026-07-16T07:35:52.097Z] [IP: ::1] GET /users/103/booking - 304 (7ms)
[2026-07-16T07:35:54.087Z] [IP: ::1] OPTIONS /rooms - 204 (1ms)
[2026-07-16T07:35:54.087Z] [IP: ::1] OPTIONS /rooms - 204 (0ms)
[2026-07-16T07:35:54.090Z] [IP: ::1] GET /rooms - 304 (2ms)
[2026-07-16T07:35:54.096Z] [IP: ::1] GET /rooms - 304 (5ms)
[2026-07-16T07:36:04.639Z] [IP: ::1] OPTIONS /auth/me - 204 (0ms)
[2026-07-16T07:36:04.640Z] [IP: ::1] OPTIONS /auth/me - 204 (1ms)
[2026-07-16T07:36:04.646Z] [IP: ::1] GET /auth/me - 304 (5ms)
[2026-07-16T07:36:04.651Z] [IP: ::1] GET /auth/me - 304 (4ms)
[2026-07-16T07:36:04.662Z] [IP: ::1] OPTIONS /users/ - 204 (1ms)
[2026-07-16T07:36:04.663Z] [IP: ::1] OPTIONS /booking/pendings - 204 (1ms)
[2026-07-16T07:36:04.664Z] [IP: ::1] OPTIONS /users/ - 204 (0ms)
[2026-07-16T07:36:04.665Z] [IP: ::1] OPTIONS /booking/pendings - 204 (1ms)
[2026-07-16T07:36:04.679Z] [IP: ::1] GET /users/ - 304 (14ms)
[2026-07-16T07:36:04.680Z] [IP: ::1] GET /booking/pendings - 304 (12ms)
[2026-07-16T07:36:04.693Z] [IP: ::1] OPTIONS /rooms - 204 (1ms)
[2026-07-16T07:36:04.700Z] [IP: ::1] GET /booking/pendings - 304 (13ms)
[2026-07-16T07:36:04.701Z] [IP: ::1] GET /rooms - 304 (4ms)
[2026-07-16T07:36:04.704Z] [IP: ::1] GET /users/ - 304 (21ms)
[2026-07-16T07:36:04.708Z] [IP: ::1] OPTIONS /users/103/booking - 204 (0ms)
[2026-07-16T07:36:04.713Z] [IP: ::1] GET /rooms - 304 (3ms)
[2026-07-16T07:36:04.715Z] [IP: ::1] GET /users/103/booking - 304 (5ms)
[2026-07-16T07:36:04.722Z] [IP: ::1] GET /users/103/booking - 304 (5ms)
[2026-07-16T07:36:04.720Z] [IP: ::1] OPTIONS /booking/approved - 204 (0ms)
[2026-07-16T07:36:04.729Z] [IP: ::1] GET /booking/approved - 304 (5ms)
[2026-07-16T07:36:04.734Z] [IP: ::1] GET /booking/approved - 304 (4ms)
[2026-07-16T07:36:06.590Z] [IP: ::1] GET /users/103/booking - 304 (4ms)
[2026-07-16T07:36:06.596Z] [IP: ::1] GET /users/103/booking - 304 (5ms)
[2026-07-16T07:36:17.251Z] [IP: ::1] OPTIONS /rooms - 204 (0ms)
[2026-07-16T07:36:17.251Z] [IP: ::1] OPTIONS /rooms - 204 (0ms)
[2026-07-16T07:36:17.257Z] [IP: ::1] GET /rooms - 304 (5ms)
[2026-07-16T07:36:17.261Z] [IP: ::1] GET /rooms - 304 (3ms)
[2026-07-16T07:36:20.841Z] [IP: ::1] OPTIONS /auth/me - 204 (0ms)
[2026-07-16T07:36:20.842Z] [IP: ::1] OPTIONS /auth/me - 204 (0ms)
[2026-07-16T07:36:20.847Z] [IP: ::1] GET /auth/me - 304 (4ms)
[2026-07-16T07:36:20.852Z] [IP: ::1] OPTIONS /credits/me - 204 (0ms)
[2026-07-16T07:36:20.853Z] [IP: ::1] GET /auth/me - 304 (4ms)
[2026-07-16T07:36:20.859Z] [IP: ::1] GET /credits/me - 304 (5ms)
[2026-07-16T07:36:20.864Z] [IP: ::1] GET /credits/me - 304 (4ms)
[2026-07-16T07:36:42.951Z] [IP: ::1] OPTIONS /users/103/booking - 204 (0ms)
[2026-07-16T07:36:42.952Z] [IP: ::1] OPTIONS /users/103/booking - 204 (0ms)
[2026-07-16T07:36:42.958Z] [IP: ::1] GET /users/103/booking - 304 (5ms)
[2026-07-16T07:36:42.964Z] [IP: ::1] GET /users/103/booking - 304 (5ms)
[2026-07-16T07:37:14.632Z] [IP: ::1] OPTIONS /auth/me - 204 (0ms)
[2026-07-16T07:37:14.633Z] [IP: ::1] OPTIONS /auth/me - 204 (1ms)
[2026-07-16T07:37:14.640Z] [IP: ::1] GET /auth/me - 304 (7ms)
[2026-07-16T07:37:14.646Z] [IP: ::1] OPTIONS /credits/me - 204 (1ms)
[2026-07-16T07:37:14.646Z] [IP: ::1] GET /auth/me - 304 (4ms)
[2026-07-16T07:37:14.652Z] [IP: ::1] GET /credits/me - 304 (5ms)
[2026-07-16T07:37:14.659Z] [IP: ::1] GET /credits/me - 304 (6ms)
[2026-07-16T07:38:12.237Z] [IP: ::1] OPTIONS /schedules - 204 (0ms)
[2026-07-16T07:38:12.238Z] [IP: ::1] OPTIONS /rooms - 204 (0ms)
[2026-07-16T07:38:12.238Z] [IP: ::1] OPTIONS /schedules - 204 (0ms)
[2026-07-16T07:38:12.239Z] [IP: ::1] OPTIONS /rooms - 204 (0ms)
[2026-07-16T07:38:12.251Z] [IP: ::1] GET /schedules - 304 (12ms)
[2026-07-16T07:38:12.252Z] [IP: ::1] GET /rooms - 304 (11ms)
[2026-07-16T07:38:12.259Z] [IP: ::1] GET /schedules - 304 (6ms)
[2026-07-16T07:38:12.262Z] [IP: ::1] GET /rooms - 304 (8ms)
[2026-07-16T07:38:16.452Z] [IP: ::1] GET /rooms - 304 (3ms)
[2026-07-16T07:38:16.455Z] [IP: ::1] GET /rooms - 304 (2ms)
[2026-07-16T07:38:23.150Z] [IP: ::1] OPTIONS /schedules - 204 (0ms)
[2026-07-16T07:38:23.151Z] [IP: ::1] OPTIONS /rooms - 204 (0ms)
[2026-07-16T07:38:23.152Z] [IP: ::1] OPTIONS /schedules - 204 (0ms)
[2026-07-16T07:38:23.153Z] [IP: ::1] OPTIONS /rooms - 204 (0ms)
[2026-07-16T07:38:23.160Z] [IP: ::1] GET /schedules - 304 (6ms)
[2026-07-16T07:38:23.162Z] [IP: ::1] GET /rooms - 304 (7ms)
[2026-07-16T07:38:23.167Z] [IP: ::1] GET /schedules - 304 (4ms)
[2026-07-16T07:38:23.171Z] [IP: ::1] GET /rooms - 304 (7ms)
[2026-07-16T07:38:24.676Z] [IP: ::1] GET /rooms - 304 (5ms)
[2026-07-16T07:38:24.681Z] [IP: ::1] GET /rooms - 304 (3ms)
[2026-07-16T07:38:29.948Z] [IP: ::1] OPTIONS /users/103/booking - 204 (0ms)
[2026-07-16T07:38:29.949Z] [IP: ::1] OPTIONS /users/103/booking - 204 (1ms)
[2026-07-16T07:38:29.954Z] [IP: ::1] GET /users/103/booking - 304 (4ms)
[2026-07-16T07:38:29.962Z] [IP: ::1] GET /users/103/booking - 304 (7ms)
[2026-07-16T07:38:31.531Z] [IP: ::1] OPTIONS /rooms - 204 (0ms)
[2026-07-16T07:38:31.531Z] [IP: ::1] OPTIONS /rooms - 204 (0ms)
[2026-07-16T07:38:31.535Z] [IP: ::1] GET /rooms - 304 (3ms)
[2026-07-16T07:38:31.539Z] [IP: ::1] GET /rooms - 304 (2ms)
[2026-07-16T07:38:32.261Z] [IP: ::1] OPTIONS /schedules - 204 (0ms)
[2026-07-16T07:38:32.262Z] [IP: ::1] OPTIONS /schedules - 204 (0ms)
[2026-07-16T07:38:32.266Z] [IP: ::1] GET /rooms - 304 (3ms)
[2026-07-16T07:38:32.269Z] [IP: ::1] GET /schedules - 304 (5ms)
[2026-07-16T07:38:32.273Z] [IP: ::1] GET /rooms - 304 (3ms)
[2026-07-16T07:38:32.276Z] [IP: ::1] GET /schedules - 304 (5ms)
[2026-07-16T07:42:02.115Z] [IP: ::1] OPTIONS /auth/me - 204 (2ms)
[2026-07-16T07:42:02.153Z] [IP: ::1] OPTIONS /schedules - 204 (1ms)
[2026-07-16T07:42:02.160Z] [IP: ::1] OPTIONS /rooms - 204 (4ms)
[2026-07-16T07:42:02.178Z] [IP: ::1] OPTIONS /auth/me - 204 (1ms)
[2026-07-16T07:42:02.180Z] [IP: ::1] OPTIONS /schedules - 204 (0ms)
[2026-07-16T07:42:02.184Z] [IP: ::1] OPTIONS /rooms - 204 (1ms)
[2026-07-16T07:42:02.200Z] [IP: ::1] GET /auth/me - 304 (82ms)
[2026-07-16T07:42:02.211Z] [IP: ::1] GET /rooms - 304 (49ms)
[2026-07-16T07:42:02.219Z] [IP: ::1] GET /schedules - 304 (47ms)
[2026-07-16T07:42:02.233Z] [IP: ::1] GET /rooms - 304 (9ms)
[2026-07-16T07:42:02.235Z] [IP: ::1] GET /auth/me - 304 (16ms)
[2026-07-16T07:42:02.238Z] [IP: ::1] GET /schedules - 304 (8ms)
[2026-07-16T07:45:25.077Z] [IP: ::1] OPTIONS /auth/me - 204 (1ms)
[2026-07-16T07:45:25.079Z] [IP: ::1] OPTIONS /schedules - 204 (0ms)
[2026-07-16T07:45:25.081Z] [IP: ::1] OPTIONS /rooms - 204 (0ms)
[2026-07-16T07:45:25.094Z] [IP: ::1] OPTIONS /rooms - 204 (1ms)
[2026-07-16T07:45:25.101Z] [IP: ::1] GET /auth/me - 304 (19ms)
[2026-07-16T07:45:25.108Z] [IP: ::1] GET /schedules - 304 (21ms)
[2026-07-16T07:45:25.111Z] [IP: ::1] GET /rooms - 304 (19ms)
[2026-07-16T07:45:25.117Z] [IP: ::1] GET /auth/me - 304 (6ms)
[2026-07-16T07:45:25.121Z] [IP: ::1] GET /schedules - 304 (7ms)
[2026-07-16T07:45:25.123Z] [IP: ::1] GET /rooms - 304 (8ms)
[2026-07-16T08:40:36.141Z] [IP: ::1] OPTIONS /rooms - 204 (3ms)
[2026-07-16T08:40:36.147Z] [IP: ::1] OPTIONS /rooms - 204 (4ms)
[2026-07-16T08:40:36.185Z] [IP: ::1] GET /rooms - 304 (36ms)
[2026-07-16T08:40:36.194Z] [IP: ::1] GET /rooms - 304 (8ms)
[2026-07-16T08:40:37.030Z] [IP: ::1] OPTIONS /auth/me - 204 (1ms)
[2026-07-16T08:40:37.032Z] [IP: ::1] OPTIONS /auth/me - 204 (1ms)
[2026-07-16T08:40:37.039Z] [IP: ::1] GET /auth/me - 403 (6ms)
[2026-07-16T08:40:37.043Z] [IP: ::1] GET /auth/me - 403 (2ms)
[2026-07-16T08:40:37.075Z] [IP: ::1] OPTIONS /users/103/booking - 204 (1ms)
[2026-07-16T08:40:37.077Z] [IP: ::1] OPTIONS /users/103/booking - 204 (1ms)
[2026-07-16T08:40:37.084Z] [IP: ::1] GET /users/103/booking - 403 (4ms)
[2026-07-16T08:40:37.088Z] [IP: ::1] GET /users/103/booking - 403 (3ms)
[2026-07-16T08:40:37.089Z] [IP: ::1] OPTIONS /user/103/booking - 204 (1ms)
[2026-07-16T08:40:37.092Z] [IP: ::1] GET /user/103/booking - 404 (3ms)
[2026-07-16T08:40:37.094Z] [IP: ::1] GET /user/103/booking - 404 (1ms)
[2026-07-16T08:40:37.097Z] [IP: ::1] OPTIONS /bookings - 204 (1ms)
[2026-07-16T08:40:37.101Z] [IP: ::1] GET /bookings - 404 (2ms)
[2026-07-16T08:40:37.103Z] [IP: ::1] GET /bookings - 404 (0ms)
[2026-07-16T08:40:37.109Z] [IP: ::1] OPTIONS /booking - 204 (1ms)
[2026-07-16T08:40:37.110Z] [IP: ::1] OPTIONS /booking - 204 (0ms)
[2026-07-16T08:40:37.115Z] [IP: ::1] GET /booking - 403 (3ms)
[2026-07-16T08:40:37.119Z] [IP: ::1] GET /booking - 403 (2ms)
[2026-07-16T08:40:39.289Z] [IP: ::1] GET /rooms - 304 (5ms)
[2026-07-16T08:40:39.296Z] [IP: ::1] GET /rooms - 304 (6ms)
[2026-07-16T08:40:40.023Z] [IP: ::1] GET /auth/me - 403 (1ms)
[2026-07-16T08:40:40.026Z] [IP: ::1] GET /auth/me - 403 (2ms)
[2026-07-16T08:40:42.598Z] [IP: ::1] GET /auth/google?token=eyJhbGciOiJIUzI1NiIsInR5cCI6IkpXVCJ9.eyJ1c2VySWQiOjEwMywiZW1haWwiOiJkZXZlbG9wZXJAZ21haWwuY29tIiwiaWF0IjoxNzg0MTg3MjE2LCJleHAiOjE3ODQxOTA4MTZ9.wQmKom86w_SgShnTUQ2jO2a_k7AU3YDdoxaFR124H5Y - 403 (5ms)
[2026-07-16T08:40:42.682Z] [IP: ::1] GET /favicon.ico - 404 (1ms)
[2026-07-16T08:40:45.056Z] [IP: ::1] OPTIONS /auth/me - 204 (0ms)
[2026-07-16T08:40:45.058Z] [IP: ::1] OPTIONS /auth/me - 204 (0ms)
[2026-07-16T08:40:45.060Z] [IP: ::1] OPTIONS /auth/me - 204 (1ms)
[2026-07-16T08:40:45.059Z] [IP: ::1] OPTIONS /auth/me - 204 (0ms)
[2026-07-16T08:40:45.065Z] [IP: ::1] GET /auth/me - 403 (3ms)
[2026-07-16T08:40:45.070Z] [IP: ::1] GET /auth/me - 403 (3ms)
[2026-07-16T08:40:45.076Z] [IP: ::1] GET /auth/me - 403 (3ms)
[2026-07-16T08:40:45.082Z] [IP: ::1] GET /auth/me - 403 (3ms)
[2026-07-16T08:40:45.738Z] [IP: ::1] GET /auth/me - 403 (2ms)
[2026-07-16T08:40:45.742Z] [IP: ::1] GET /auth/me - 403 (3ms)
[2026-07-16T08:40:45.747Z] [IP: ::1] GET /auth/me - 403 (2ms)
[2026-07-16T08:40:45.753Z] [IP: ::1] GET /auth/me - 403 (3ms)
[2026-07-16T08:40:47.374Z] [IP: ::1] GET /auth/google?token=eyJhbGciOiJIUzI1NiIsInR5cCI6IkpXVCJ9.eyJ1c2VySWQiOjEwMywiZW1haWwiOiJkZXZlbG9wZXJAZ21haWwuY29tIiwiaWF0IjoxNzg0MTg3MjE2LCJleHAiOjE3ODQxOTA4MTZ9.wQmKom86w_SgShnTUQ2jO2a_k7AU3YDdoxaFR124H5Y - 403 (2ms)
[2026-07-16T08:40:48.991Z] [IP: ::1] GET /auth/me - 403 (2ms)
[2026-07-16T08:40:48.996Z] [IP: ::1] GET /auth/me - 403 (3ms)
[2026-07-16T08:40:49.002Z] [IP: ::1] GET /auth/me - 403 (3ms)
[2026-07-16T08:40:49.007Z] [IP: ::1] GET /auth/me - 403 (3ms)
[2026-07-16T08:40:55.374Z] [IP: ::1] OPTIONS /auth/login - 204 (1ms)
[2026-07-16T08:40:55.475Z] [IP: ::1] POST /auth/login - 200 (101ms)
[2026-07-16T08:40:55.497Z] [IP: ::1] OPTIONS /auth/me - 204 (1ms)
[2026-07-16T08:40:55.498Z] [IP: ::1] OPTIONS /schedules - 204 (1ms)
[2026-07-16T08:40:55.498Z] [IP: ::1] OPTIONS /rooms - 204 (0ms)
[2026-07-16T08:40:55.499Z] [IP: ::1] OPTIONS /auth/me - 204 (0ms)
[2026-07-16T08:40:55.499Z] [IP: ::1] OPTIONS /schedules - 204 (0ms)
[2026-07-16T08:40:55.500Z] [IP: ::1] OPTIONS /rooms - 204 (0ms)
[2026-07-16T08:40:55.512Z] [IP: ::1] GET /auth/me - 200 (12ms)
[2026-07-16T08:40:55.522Z] [IP: ::1] GET /schedules - 304 (19ms)
[2026-07-16T08:40:55.524Z] [IP: ::1] GET /rooms - 304 (19ms)
[2026-07-16T08:40:55.530Z] [IP: ::1] GET /auth/me - 304 (5ms)
[2026-07-16T08:40:55.542Z] [IP: ::1] GET /schedules - 304 (11ms)
[2026-07-16T08:40:55.545Z] [IP: ::1] GET /rooms - 304 (12ms)
[2026-07-16T08:40:57.472Z] [IP: ::1] GET /rooms - 304 (7ms)
[2026-07-16T08:40:57.477Z] [IP: ::1] GET /rooms - 304 (4ms)
[2026-07-16T08:40:58.898Z] [IP: ::1] GET /auth/me - 304 (4ms)
[2026-07-16T08:40:58.903Z] [IP: ::1] GET /auth/me - 304 (4ms)
[2026-07-16T08:40:58.922Z] [IP: ::1] OPTIONS /users/ - 204 (1ms)
[2026-07-16T08:40:58.923Z] [IP: ::1] OPTIONS /booking/pendings - 204 (1ms)
[2026-07-16T08:40:58.927Z] [IP: ::1] OPTIONS /users/ - 204 (4ms)
[2026-07-16T08:40:58.929Z] [IP: ::1] OPTIONS /booking/pendings - 204 (1ms)
[2026-07-16T08:40:58.942Z] [IP: ::1] GET /booking/pendings - 304 (13ms)
[2026-07-16T08:40:58.946Z] [IP: ::1] GET /users/ - 304 (12ms)
[2026-07-16T08:40:58.957Z] [IP: ::1] GET /booking/pendings - 304 (10ms)
[2026-07-16T08:40:58.961Z] [IP: ::1] GET /users/ - 304 (10ms)
[2026-07-16T08:40:58.970Z] [IP: ::1] GET /rooms - 304 (3ms)
[2026-07-16T08:40:58.974Z] [IP: ::1] GET /rooms - 304 (3ms)
[2026-07-16T08:40:58.975Z] [IP: ::1] OPTIONS /users/103/booking - 204 (0ms)
[2026-07-16T08:40:58.985Z] [IP: ::1] GET /users/103/booking - 200 (8ms)
[2026-07-16T08:40:58.990Z] [IP: ::1] OPTIONS /booking/approved - 204 (0ms)
[2026-07-16T08:40:58.992Z] [IP: ::1] GET /users/103/booking - 304 (5ms)
[2026-07-16T08:40:58.998Z] [IP: ::1] GET /booking/approved - 304 (5ms)
[2026-07-16T08:40:59.004Z] [IP: ::1] GET /booking/approved - 304 (5ms)
[2026-07-16T08:40:59.521Z] [IP: ::1] GET /users/103/booking - 304 (5ms)
[2026-07-16T08:40:59.528Z] [IP: ::1] GET /users/103/booking - 304 (5ms)
[2026-07-16T08:41:01.237Z] [IP: ::1] OPTIONS /auth/me - 204 (1ms)
[2026-07-16T08:41:01.237Z] [IP: ::1] OPTIONS /auth/me - 204 (0ms)
[2026-07-16T08:41:01.243Z] [IP: ::1] GET /auth/me - 304 (4ms)
[2026-07-16T08:41:01.248Z] [IP: ::1] OPTIONS /credits/me - 204 (1ms)
[2026-07-16T08:41:01.249Z] [IP: ::1] GET /auth/me - 304 (5ms)
[2026-07-16T08:41:01.257Z] [IP: ::1] GET /credits/me - 304 (6ms)
[2026-07-16T08:41:01.263Z] [IP: ::1] GET /credits/me - 304 (5ms)
[2026-07-16T08:41:02.427Z] [IP: ::1] GET /auth/google?token=eyJhbGciOiJIUzI1NiIsInR5cCI6IkpXVCJ9.eyJ1c2VySWQiOjEwMywiZW1haWwiOiJkZXZlbG9wZXJAZ21haWwuY29tIiwiaWF0IjoxNzg0MTkxMjU1LCJleHAiOjE3ODQxOTQ4NTV9.z-2biZZEDCKp2nDTY41y7qKl58EmIy64N081nHMcr8Q - 302 (7ms)
[2026-07-16T08:41:40.089Z] [IP: ::1] GET /auth/google/callback?state=eyJhbGciOiJIUzI1NiIsInR5cCI6IkpXVCJ9.eyJ1c2VySWQiOjEwMywiZW1haWwiOiJkZXZlbG9wZXJAZ21haWwuY29tIiwiaWF0IjoxNzg0MTkxMjU1LCJleHAiOjE3ODQxOTQ4NTV9.z-2biZZEDCKp2nDTY41y7qKl58EmIy64N081nHMcr8Q&iss=https://accounts.google.com&code=4/0AXEQxIAzI4p5_EcD_zM-l1gkVy_6XJ7eVVy8RnHmLYizXm73GJQNO5gP1WH6AIMzHGQMFg&scope=https://www.googleapis.com/auth/calendar.events - 302 (1493ms)
[2026-07-16T08:41:40.378Z] [IP: ::1] OPTIONS /auth/me - 204 (0ms)
[2026-07-16T08:41:40.380Z] [IP: ::1] OPTIONS /auth/me - 204 (0ms)
[2026-07-16T08:41:40.382Z] [IP: ::1] OPTIONS /auth/me - 204 (0ms)
[2026-07-16T08:41:40.384Z] [IP: ::1] OPTIONS /auth/me - 204 (1ms)
[2026-07-16T08:41:40.389Z] [IP: ::1] GET /auth/me - 304 (5ms)
[2026-07-16T08:41:40.397Z] [IP: ::1] GET /auth/me - 304 (6ms)
[2026-07-16T08:41:40.404Z] [IP: ::1] OPTIONS /credits/me - 204 (0ms)
[2026-07-16T08:41:40.405Z] [IP: ::1] GET /auth/me - 304 (6ms)
[2026-07-16T08:41:40.423Z] [IP: ::1] GET /auth/me - 304 (10ms)
[2026-07-16T08:41:40.427Z] [IP: ::1] GET /credits/me - 304 (20ms)
[2026-07-16T08:41:40.441Z] [IP: ::1] GET /credits/me - 304 (7ms)
[2026-07-16T08:41:44.005Z] [IP: ::1] GET /auth/me - 304 (4ms)
[2026-07-16T08:41:44.010Z] [IP: ::1] GET /auth/me - 304 (4ms)
[2026-07-16T08:41:44.018Z] [IP: ::1] GET /auth/me - 304 (6ms)
[2026-07-16T08:41:44.029Z] [IP: ::1] GET /auth/me - 304 (6ms)
[2026-07-16T08:41:44.030Z] [IP: ::1] GET /credits/me - 304 (11ms)
[2026-07-16T08:41:44.039Z] [IP: ::1] GET /credits/me - 304 (5ms)
[2026-07-16T08:41:48.125Z] [IP: ::1] GET /auth/google?token=eyJhbGciOiJIUzI1NiIsInR5cCI6IkpXVCJ9.eyJ1c2VySWQiOjEwMywiZW1haWwiOiJkZXZlbG9wZXJAZ21haWwuY29tIiwiaWF0IjoxNzg0MTkxMjU1LCJleHAiOjE3ODQxOTQ4NTV9.z-2biZZEDCKp2nDTY41y7qKl58EmIy64N081nHMcr8Q - 302 (2ms)
[2026-07-16T08:41:57.337Z] [IP: ::1] GET /auth/google/callback?state=eyJhbGciOiJIUzI1NiIsInR5cCI6IkpXVCJ9.eyJ1c2VySWQiOjEwMywiZW1haWwiOiJkZXZlbG9wZXJAZ21haWwuY29tIiwiaWF0IjoxNzg0MTkxMjU1LCJleHAiOjE3ODQxOTQ4NTV9.z-2biZZEDCKp2nDTY41y7qKl58EmIy64N081nHMcr8Q&iss=https://accounts.google.com&code=4/0AXEQxIDZJk_Z_OSWbRgHHpVSd842YpCN8UiILPWDQp6u6wNfBEfQmMlcQCtH1Id0TwBf7w&scope=https://www.googleapis.com/auth/calendar.events - 302 (384ms)
[2026-07-16T08:41:57.618Z] [IP: ::1] OPTIONS /auth/me - 204 (1ms)
[2026-07-16T08:41:57.619Z] [IP: ::1] OPTIONS /auth/me - 204 (1ms)
[2026-07-16T08:41:57.620Z] [IP: ::1] OPTIONS /auth/me - 204 (0ms)
[2026-07-16T08:41:57.621Z] [IP: ::1] OPTIONS /auth/me - 204 (0ms)
[2026-07-16T08:41:57.628Z] [IP: ::1] GET /auth/me - 304 (6ms)
[2026-07-16T08:41:57.633Z] [IP: ::1] GET /auth/me - 304 (4ms)
[2026-07-16T08:41:57.643Z] [IP: ::1] GET /auth/me - 304 (8ms)
[2026-07-16T08:41:57.645Z] [IP: ::1] OPTIONS /credits/me - 204 (0ms)
[2026-07-16T08:41:57.657Z] [IP: ::1] GET /auth/me - 304 (9ms)
[2026-07-16T08:41:57.664Z] [IP: ::1] GET /credits/me - 304 (12ms)
[2026-07-16T08:41:57.670Z] [IP: ::1] GET /credits/me - 304 (5ms)
[2026-07-16T09:00:19.813Z] [IP: ::ffff:127.0.0.1] GET /auth/me - 403 (10ms)
[2026-07-16T09:00:27.015Z] [IP: ::ffff:127.0.0.1] POST /auth/login - 200 (100ms)
[2026-07-16T09:00:40.504Z] [IP: ::ffff:127.0.0.1] GET /auth/me - 200 (7ms)
[2026-07-16T09:00:45.256Z] [IP: ::1] OPTIONS /auth/me - 204 (3ms)
[2026-07-16T09:00:45.258Z] [IP: ::1] OPTIONS /auth/me - 204 (1ms)
[2026-07-16T09:00:45.266Z] [IP: ::1] OPTIONS /auth/me - 204 (1ms)
[2026-07-16T09:00:45.268Z] [IP: ::1] GET /auth/me - 200 (8ms)
[2026-07-16T09:00:45.269Z] [IP: ::1] OPTIONS /auth/me - 204 (0ms)
[2026-07-16T09:00:45.276Z] [IP: ::1] GET /auth/me - 304 (6ms)
[2026-07-16T09:00:45.287Z] [IP: ::1] OPTIONS /credits/me - 204 (1ms)
[2026-07-16T09:00:45.288Z] [IP: ::1] GET /auth/me - 304 (7ms)
[2026-07-16T09:00:45.307Z] [IP: ::1] GET /auth/me - 304 (17ms)
[2026-07-16T09:00:45.331Z] [IP: ::1] GET /credits/me - 304 (34ms)
[2026-07-16T09:00:45.341Z] [IP: ::1] GET /credits/me - 304 (8ms)
[2026-07-16T09:05:53.526Z] [IP: ::1] OPTIONS /users/103/booking - 204 (1ms)
[2026-07-16T09:05:53.528Z] [IP: ::1] OPTIONS /users/103/booking - 204 (0ms)
[2026-07-16T09:05:53.545Z] [IP: ::1] GET /users/103/booking - 304 (16ms)
[2026-07-16T09:05:53.552Z] [IP: ::1] GET /users/103/booking - 304 (6ms)
[2026-07-16T09:05:54.062Z] [IP: ::1] OPTIONS /auth/me - 204 (0ms)
[2026-07-16T09:05:54.063Z] [IP: ::1] OPTIONS /auth/me - 204 (0ms)
[2026-07-16T09:05:54.069Z] [IP: ::1] GET /auth/me - 304 (5ms)
[2026-07-16T09:05:54.073Z] [IP: ::1] OPTIONS /credits/me - 204 (0ms)
[2026-07-16T09:05:54.075Z] [IP: ::1] GET /auth/me - 304 (5ms)
[2026-07-16T09:05:54.081Z] [IP: ::1] GET /credits/me - 304 (5ms)
[2026-07-16T09:05:54.088Z] [IP: ::1] GET /credits/me - 304 (5ms)
